{"C:\\Users\\grego\\Desktop\\DevOps Insurance\\backend\\config\\constants.js": {"path":"C:\\Users\\grego\\Desktop\\DevOps Insurance\\backend\\config\\constants.js","statementMap":{"0":{"start":{"line":5,"column":0},"end":{"line":85,"column":2}}},"fnMap":{},"branchMap":{},"s":{"0":3},"f":{},"b":{},"_coverageSchema":"1a1c01bbd47fc00a2c39e90264f33305004495a9","hash":"f70e887e1d246f53739ea7294d66571a747398e1"}
,"C:\\Users\\grego\\Desktop\\DevOps Insurance\\backend\\middleware\\auth.js": {"path":"C:\\Users\\grego\\Desktop\\DevOps Insurance\\backend\\middleware\\auth.js","statementMap":{"0":{"start":{"line":6,"column":12},"end":{"line":6,"column":35}},"1":{"start":{"line":7,"column":20},"end":{"line":7,"column":54}},"2":{"start":{"line":8,"column":16},"end":{"line":8,"column":46}},"3":{"start":{"line":13,"column":26},"end":{"line":41,"column":1}},"4":{"start":{"line":14,"column":21},"end":{"line":14,"column":49}},"5":{"start":{"line":15,"column":16},"end":{"line":15,"column":54}},"6":{"start":{"line":17,"column":2},"end":{"line":19,"column":3}},"7":{"start":{"line":18,"column":4},"end":{"line":18,"column":68}},"8":{"start":{"line":21,"column":2},"end":{"line":40,"column":5}},"9":{"start":{"line":22,"column":4},"end":{"line":24,"column":5}},"10":{"start":{"line":23,"column":6},"end":{"line":23,"column":73}},"11":{"start":{"line":27,"column":17},"end":{"line":27,"column":56}},"12":{"start":{"line":29,"column":4},"end":{"line":31,"column":5}},"13":{"start":{"line":30,"column":6},"end":{"line":30,"column":63}},"14":{"start":{"line":33,"column":4},"end":{"line":37,"column":6}},"15":{"start":{"line":39,"column":4},"end":{"line":39,"column":11}},"16":{"start":{"line":46,"column":22},"end":{"line":52,"column":1}},"17":{"start":{"line":47,"column":2},"end":{"line":51,"column":4}},"18":{"start":{"line":54,"column":0},"end":{"line":57,"column":2}}},"fnMap":{"0":{"name":"(anonymous_0)","decl":{"start":{"line":13,"column":26},"end":{"line":13,"column":27}},"loc":{"start":{"line":13,"column":46},"end":{"line":41,"column":1}},"line":13},"1":{"name":"(anonymous_1)","decl":{"start":{"line":21,"column":44},"end":{"line":21,"column":45}},"loc":{"start":{"line":21,"column":62},"end":{"line":40,"column":3}},"line":21},"2":{"name":"(anonymous_2)","decl":{"start":{"line":46,"column":22},"end":{"line":46,"column":23}},"loc":{"start":{"line":46,"column":41},"end":{"line":52,"column":1}},"line":46}},"branchMap":{"0":{"loc":{"start":{"line":15,"column":16},"end":{"line":15,"column":54}},"type":"binary-expr","locations":[{"start":{"line":15,"column":16},"end":{"line":15,"column":26}},{"start":{"line":15,"column":30},"end":{"line":15,"column":54}}],"line":15},"1":{"loc":{"start":{"line":17,"column":2},"end":{"line":19,"column":3}},"type":"if","locations":[{"start":{"line":17,"column":2},"end":{"line":19,"column":3}},{"start":{},"end":{}}],"line":17},"2":{"loc":{"start":{"line":22,"column":4},"end":{"line":24,"column":5}},"type":"if","locations":[{"start":{"line":22,"column":4},"end":{"line":24,"column":5}},{"start":{},"end":{}}],"line":22},"3":{"loc":{"start":{"line":29,"column":4},"end":{"line":31,"column":5}},"type":"if","locations":[{"start":{"line":29,"column":4},"end":{"line":31,"column":5}},{"start":{},"end":{}}],"line":29}},"s":{"0":0,"1":0,"2":0,"3":0,"4":0,"5":0,"6":0,"7":0,"8":0,"9":0,"10":0,"11":0,"12":0,"13":0,"14":0,"15":0,"16":0,"17":0,"18":0},"f":{"0":0,"1":0,"2":0},"b":{"0":[0,0],"1":[0,0],"2":[0,0],"3":[0,0]}}
,"C:\\Users\\grego\\Desktop\\DevOps Insurance\\backend\\middleware\\errorHandler.js": {"path":"C:\\Users\\grego\\Desktop\\DevOps Insurance\\backend\\middleware\\errorHandler.js","statementMap":{"0":{"start":{"line":5,"column":26},"end":{"line":5,"column":60}},"1":{"start":{"line":10,"column":21},"end":{"line":19,"column":1}},"2":{"start":{"line":11,"column":2},"end":{"line":11,"column":31}},"3":{"start":{"line":13,"column":21},"end":{"line":13,"column":56}},"4":{"start":{"line":14,"column":18},"end":{"line":16,"column":17}},"5":{"start":{"line":18,"column":2},"end":{"line":18,"column":49}},"6":{"start":{"line":24,"column":24},"end":{"line":26,"column":1}},"7":{"start":{"line":25,"column":2},"end":{"line":25,"column":52}},"8":{"start":{"line":28,"column":0},"end":{"line":31,"column":2}}},"fnMap":{"0":{"name":"(anonymous_0)","decl":{"start":{"line":10,"column":21},"end":{"line":10,"column":22}},"loc":{"start":{"line":10,"column":46},"end":{"line":19,"column":1}},"line":10},"1":{"name":"(anonymous_1)","decl":{"start":{"line":24,"column":24},"end":{"line":24,"column":25}},"loc":{"start":{"line":24,"column":38},"end":{"line":26,"column":1}},"line":24}},"branchMap":{"0":{"loc":{"start":{"line":13,"column":21},"end":{"line":13,"column":56}},"type":"binary-expr","locations":[{"start":{"line":13,"column":21},"end":{"line":13,"column":31}},{"start":{"line":13,"column":35},"end":{"line":13,"column":49}},{"start":{"line":13,"column":53},"end":{"line":13,"column":56}}],"line":13},"1":{"loc":{"start":{"line":14,"column":18},"end":{"line":16,"column":17}},"type":"cond-expr","locations":[{"start":{"line":15,"column":6},"end":{"line":15,"column":29}},{"start":{"line":16,"column":6},"end":{"line":16,"column":17}}],"line":14}},"s":{"0":0,"1":0,"2":0,"3":0,"4":0,"5":0,"6":0,"7":0,"8":0},"f":{"0":0,"1":0},"b":{"0":[0,0,0],"1":[0,0]}}
,"C:\\Users\\grego\\Desktop\\DevOps Insurance\\backend\\middleware\\metrics.js": {"path":"C:\\Users\\grego\\Desktop\\DevOps Insurance\\backend\\middleware\\metrics.js","statementMap":{"0":{"start":{"line":6,"column":19},"end":{"line":6,"column":41}},"1":{"start":{"line":9,"column":17},"end":{"line":9,"column":42}},"2":{"start":{"line":12,"column":0},"end":{"line":12,"column":47}},"3":{"start":{"line":15,"column":28},"end":{"line":20,"column":2}},"4":{"start":{"line":22,"column":25},"end":{"line":26,"column":2}},"5":{"start":{"line":28,"column":26},"end":{"line":32,"column":2}},"6":{"start":{"line":35,"column":0},"end":{"line":35,"column":45}},"7":{"start":{"line":36,"column":0},"end":{"line":36,"column":42}},"8":{"start":{"line":37,"column":0},"end":{"line":37,"column":43}},"9":{"start":{"line":42,"column":26},"end":{"line":72,"column":1}},"10":{"start":{"line":43,"column":16},"end":{"line":43,"column":26}},"11":{"start":{"line":45,"column":16},"end":{"line":45,"column":85}},"12":{"start":{"line":48,"column":22},"end":{"line":48,"column":29}},"13":{"start":{"line":49,"column":2},"end":{"line":69,"column":4}},"14":{"start":{"line":50,"column":21},"end":{"line":50,"column":48}},"15":{"start":{"line":51,"column":23},"end":{"line":51,"column":44}},"16":{"start":{"line":52,"column":19},"end":{"line":52,"column":42}},"17":{"start":{"line":55,"column":4},"end":{"line":58,"column":6}},"18":{"start":{"line":60,"column":4},"end":{"line":60,"column":92}},"19":{"start":{"line":63,"column":4},"end":{"line":65,"column":5}},"20":{"start":{"line":64,"column":6},"end":{"line":64,"column":95}},"21":{"start":{"line":68,"column":4},"end":{"line":68,"column":34}},"22":{"start":{"line":71,"column":2},"end":{"line":71,"column":9}},"23":{"start":{"line":77,"column":19},"end":{"line":79,"column":1}},"24":{"start":{"line":78,"column":2},"end":{"line":78,"column":28}},"25":{"start":{"line":84,"column":20},"end":{"line":86,"column":1}},"26":{"start":{"line":85,"column":2},"end":{"line":85,"column":18}},"27":{"start":{"line":88,"column":0},"end":{"line":95,"column":2}}},"fnMap":{"0":{"name":"(anonymous_0)","decl":{"start":{"line":42,"column":26},"end":{"line":42,"column":27}},"loc":{"start":{"line":42,"column":46},"end":{"line":72,"column":1}},"line":42},"1":{"name":"(anonymous_1)","decl":{"start":{"line":49,"column":12},"end":{"line":49,"column":13}},"loc":{"start":{"line":49,"column":30},"end":{"line":69,"column":3}},"line":49},"2":{"name":"(anonymous_2)","decl":{"start":{"line":77,"column":19},"end":{"line":77,"column":20}},"loc":{"start":{"line":77,"column":31},"end":{"line":79,"column":1}},"line":77},"3":{"name":"(anonymous_3)","decl":{"start":{"line":84,"column":20},"end":{"line":84,"column":21}},"loc":{"start":{"line":84,"column":26},"end":{"line":86,"column":1}},"line":84}},"branchMap":{"0":{"loc":{"start":{"line":45,"column":16},"end":{"line":45,"column":85}},"type":"cond-expr","locations":[{"start":{"line":45,"column":28},"end":{"line":45,"column":42}},{"start":{"line":45,"column":45},"end":{"line":45,"column":85}}],"line":45},"1":{"loc":{"start":{"line":45,"column":45},"end":{"line":45,"column":85}},"type":"binary-expr","locations":[{"start":{"line":45,"column":45},"end":{"line":45,"column":53}},{"start":{"line":45,"column":57},"end":{"line":45,"column":72}},{"start":{"line":45,"column":76},"end":{"line":45,"column":85}}],"line":45},"2":{"loc":{"start":{"line":51,"column":23},"end":{"line":51,"column":44}},"type":"binary-expr","locations":[{"start":{"line":51,"column":23},"end":{"line":51,"column":37}},{"start":{"line":51,"column":41},"end":{"line":51,"column":44}}],"line":51},"3":{"loc":{"start":{"line":52,"column":19},"end":{"line":52,"column":42}},"type":"binary-expr","locations":[{"start":{"line":52,"column":19},"end":{"line":52,"column":29}},{"start":{"line":52,"column":33},"end":{"line":52,"column":42}}],"line":52},"4":{"loc":{"start":{"line":63,"column":4},"end":{"line":65,"column":5}},"type":"if","locations":[{"start":{"line":63,"column":4},"end":{"line":65,"column":5}},{"start":{},"end":{}}],"line":63}},"s":{"0":0,"1":0,"2":0,"3":0,"4":0,"5":0,"6":0,"7":0,"8":0,"9":0,"10":0,"11":0,"12":0,"13":0,"14":0,"15":0,"16":0,"17":0,"18":0,"19":0,"20":0,"21":0,"22":0,"23":0,"24":0,"25":0,"26":0,"27":0},"f":{"0":0,"1":0,"2":0,"3":0},"b":{"0":[0,0],"1":[0,0,0],"2":[0,0],"3":[0,0],"4":[0,0]}}
,"C:\\Users\\grego\\Desktop\\DevOps Insurance\\backend\\routes\\assessment.js": {"path":"C:\\Users\\grego\\Desktop\\DevOps Insurance\\backend\\routes\\assessment.js","statementMap":{"0":{"start":{"line":6,"column":16},"end":{"line":6,"column":34}},"1":{"start":{"line":7,"column":11},"end":{"line":7,"column":24}},"2":{"start":{"line":8,"column":17},"end":{"line":8,"column":45}},"3":{"start":{"line":9,"column":30},"end":{"line":9,"column":59}},"4":{"start":{"line":10,"column":35},"end":{"line":10,"column":71}},"5":{"start":{"line":11,"column":43},"end":{"line":11,"column":77}},"6":{"start":{"line":12,"column":48},"end":{"line":12,"column":78}},"7":{"start":{"line":13,"column":17},"end":{"line":13,"column":47}},"8":{"start":{"line":14,"column":26},"end":{"line":14,"column":66}},"9":{"start":{"line":15,"column":21},"end":{"line":15,"column":56}},"10":{"start":{"line":16,"column":18},"end":{"line":16,"column":50}},"11":{"start":{"line":18,"column":15},"end":{"line":18,"column":31}},"12":{"start":{"line":21,"column":0},"end":{"line":65,"column":3}},"13":{"start":{"line":28,"column":2},"end":{"line":64,"column":3}},"14":{"start":{"line":29,"column":28},"end":{"line":29,"column":60}},"15":{"start":{"line":30,"column":4},"end":{"line":30,"column":48}},"16":{"start":{"line":30,"column":25},"end":{"line":30,"column":48}},"17":{"start":{"line":32,"column":48},"end":{"line":32,"column":56}},"18":{"start":{"line":33,"column":21},"end":{"line":33,"column":53}},"19":{"start":{"line":34,"column":22},"end":{"line":34,"column":43}},"20":{"start":{"line":37,"column":4},"end":{"line":39,"column":5}},"21":{"start":{"line":38,"column":6},"end":{"line":38,"column":61}},"22":{"start":{"line":42,"column":21},"end":{"line":42,"column":64}},"23":{"start":{"line":45,"column":23},"end":{"line":51,"column":5}},"24":{"start":{"line":53,"column":4},"end":{"line":55,"column":5}},"25":{"start":{"line":54,"column":6},"end":{"line":54,"column":66}},"26":{"start":{"line":57,"column":4},"end":{"line":59,"column":7}},"27":{"start":{"line":62,"column":4},"end":{"line":62,"column":55}},"28":{"start":{"line":63,"column":4},"end":{"line":63,"column":78}},"29":{"start":{"line":68,"column":0},"end":{"line":80,"column":3}},"30":{"start":{"line":69,"column":2},"end":{"line":79,"column":3}},"31":{"start":{"line":70,"column":24},"end":{"line":70,"column":73}},"32":{"start":{"line":71,"column":4},"end":{"line":74,"column":7}},"33":{"start":{"line":77,"column":4},"end":{"line":77,"column":51}},"34":{"start":{"line":78,"column":4},"end":{"line":78,"column":69}},"35":{"start":{"line":83,"column":0},"end":{"line":101,"column":3}},"36":{"start":{"line":84,"column":2},"end":{"line":100,"column":3}},"37":{"start":{"line":85,"column":23},"end":{"line":85,"column":73}},"38":{"start":{"line":87,"column":4},"end":{"line":89,"column":5}},"39":{"start":{"line":88,"column":6},"end":{"line":88,"column":61}},"40":{"start":{"line":91,"column":4},"end":{"line":93,"column":5}},"41":{"start":{"line":92,"column":6},"end":{"line":92,"column":73}},"42":{"start":{"line":95,"column":4},"end":{"line":95,"column":59}},"43":{"start":{"line":98,"column":4},"end":{"line":98,"column":50}},"44":{"start":{"line":99,"column":4},"end":{"line":99,"column":68}},"45":{"start":{"line":104,"column":0},"end":{"line":152,"column":3}},"46":{"start":{"line":116,"column":2},"end":{"line":151,"column":3}},"47":{"start":{"line":117,"column":28},"end":{"line":117,"column":60}},"48":{"start":{"line":118,"column":4},"end":{"line":118,"column":48}},"49":{"start":{"line":118,"column":25},"end":{"line":118,"column":48}},"50":{"start":{"line":120,"column":89},"end":{"line":120,"column":97}},"51":{"start":{"line":123,"column":23},"end":{"line":123,"column":72}},"52":{"start":{"line":124,"column":4},"end":{"line":126,"column":5}},"53":{"start":{"line":125,"column":6},"end":{"line":125,"column":61}},"54":{"start":{"line":128,"column":4},"end":{"line":130,"column":5}},"55":{"start":{"line":129,"column":6},"end":{"line":129,"column":73}},"56":{"start":{"line":133,"column":18},"end":{"line":138,"column":5}},"57":{"start":{"line":140,"column":4},"end":{"line":142,"column":5}},"58":{"start":{"line":141,"column":6},"end":{"line":141,"column":63}},"59":{"start":{"line":144,"column":4},"end":{"line":146,"column":7}},"60":{"start":{"line":149,"column":4},"end":{"line":149,"column":48}},"61":{"start":{"line":150,"column":4},"end":{"line":150,"column":76}},"62":{"start":{"line":155,"column":0},"end":{"line":167,"column":3}},"63":{"start":{"line":156,"column":2},"end":{"line":166,"column":3}},"64":{"start":{"line":157,"column":19},"end":{"line":157,"column":58}},"65":{"start":{"line":158,"column":4},"end":{"line":161,"column":7}},"66":{"start":{"line":164,"column":4},"end":{"line":164,"column":46}},"67":{"start":{"line":165,"column":4},"end":{"line":165,"column":64}},"68":{"start":{"line":170,"column":0},"end":{"line":193,"column":3}},"69":{"start":{"line":171,"column":2},"end":{"line":192,"column":3}},"70":{"start":{"line":172,"column":18},"end":{"line":172,"column":58}},"71":{"start":{"line":174,"column":4},"end":{"line":176,"column":5}},"72":{"start":{"line":175,"column":6},"end":{"line":175,"column":56}},"73":{"start":{"line":178,"column":4},"end":{"line":180,"column":5}},"74":{"start":{"line":179,"column":6},"end":{"line":179,"column":68}},"75":{"start":{"line":182,"column":23},"end":{"line":182,"column":78}},"76":{"start":{"line":184,"column":4},"end":{"line":187,"column":7}},"77":{"start":{"line":190,"column":4},"end":{"line":190,"column":45}},"78":{"start":{"line":191,"column":4},"end":{"line":191,"column":63}},"79":{"start":{"line":195,"column":0},"end":{"line":195,"column":24}}},"fnMap":{"0":{"name":"(anonymous_0)","decl":{"start":{"line":27,"column":3},"end":{"line":27,"column":4}},"loc":{"start":{"line":27,"column":23},"end":{"line":65,"column":1}},"line":27},"1":{"name":"(anonymous_1)","decl":{"start":{"line":68,"column":49},"end":{"line":68,"column":50}},"loc":{"start":{"line":68,"column":63},"end":{"line":80,"column":1}},"line":68},"2":{"name":"(anonymous_2)","decl":{"start":{"line":83,"column":49},"end":{"line":83,"column":50}},"loc":{"start":{"line":83,"column":63},"end":{"line":101,"column":1}},"line":83},"3":{"name":"(anonymous_3)","decl":{"start":{"line":115,"column":3},"end":{"line":115,"column":4}},"loc":{"start":{"line":115,"column":17},"end":{"line":152,"column":1}},"line":115},"4":{"name":"(anonymous_4)","decl":{"start":{"line":155,"column":44},"end":{"line":155,"column":45}},"loc":{"start":{"line":155,"column":58},"end":{"line":167,"column":1}},"line":155},"5":{"name":"(anonymous_5)","decl":{"start":{"line":170,"column":44},"end":{"line":170,"column":45}},"loc":{"start":{"line":170,"column":58},"end":{"line":193,"column":1}},"line":170}},"branchMap":{"0":{"loc":{"start":{"line":30,"column":4},"end":{"line":30,"column":48}},"type":"if","locations":[{"start":{"line":30,"column":4},"end":{"line":30,"column":48}},{"start":{},"end":{}}],"line":30},"1":{"loc":{"start":{"line":37,"column":4},"end":{"line":39,"column":5}},"type":"if","locations":[{"start":{"line":37,"column":4},"end":{"line":39,"column":5}},{"start":{},"end":{}}],"line":37},"2":{"loc":{"start":{"line":53,"column":4},"end":{"line":55,"column":5}},"type":"if","locations":[{"start":{"line":53,"column":4},"end":{"line":55,"column":5}},{"start":{},"end":{}}],"line":53},"3":{"loc":{"start":{"line":87,"column":4},"end":{"line":89,"column":5}},"type":"if","locations":[{"start":{"line":87,"column":4},"end":{"line":89,"column":5}},{"start":{},"end":{}}],"line":87},"4":{"loc":{"start":{"line":91,"column":4},"end":{"line":93,"column":5}},"type":"if","locations":[{"start":{"line":91,"column":4},"end":{"line":93,"column":5}},{"start":{},"end":{}}],"line":91},"5":{"loc":{"start":{"line":118,"column":4},"end":{"line":118,"column":48}},"type":"if","locations":[{"start":{"line":118,"column":4},"end":{"line":118,"column":48}},{"start":{},"end":{}}],"line":118},"6":{"loc":{"start":{"line":124,"column":4},"end":{"line":126,"column":5}},"type":"if","locations":[{"start":{"line":124,"column":4},"end":{"line":126,"column":5}},{"start":{},"end":{}}],"line":124},"7":{"loc":{"start":{"line":128,"column":4},"end":{"line":130,"column":5}},"type":"if","locations":[{"start":{"line":128,"column":4},"end":{"line":130,"column":5}},{"start":{},"end":{}}],"line":128},"8":{"loc":{"start":{"line":140,"column":4},"end":{"line":142,"column":5}},"type":"if","locations":[{"start":{"line":140,"column":4},"end":{"line":142,"column":5}},{"start":{},"end":{}}],"line":140},"9":{"loc":{"start":{"line":174,"column":4},"end":{"line":176,"column":5}},"type":"if","locations":[{"start":{"line":174,"column":4},"end":{"line":176,"column":5}},{"start":{},"end":{}}],"line":174},"10":{"loc":{"start":{"line":178,"column":4},"end":{"line":180,"column":5}},"type":"if","locations":[{"start":{"line":178,"column":4},"end":{"line":180,"column":5}},{"start":{},"end":{}}],"line":178}},"s":{"0":0,"1":0,"2":0,"3":0,"4":0,"5":0,"6":0,"7":0,"8":0,"9":0,"10":0,"11":0,"12":0,"13":0,"14":0,"15":0,"16":0,"17":0,"18":0,"19":0,"20":0,"21":0,"22":0,"23":0,"24":0,"25":0,"26":0,"27":0,"28":0,"29":0,"30":0,"31":0,"32":0,"33":0,"34":0,"35":0,"36":0,"37":0,"38":0,"39":0,"40":0,"41":0,"42":0,"43":0,"44":0,"45":0,"46":0,"47":0,"48":0,"49":0,"50":0,"51":0,"52":0,"53":0,"54":0,"55":0,"56":0,"57":0,"58":0,"59":0,"60":0,"61":0,"62":0,"63":0,"64":0,"65":0,"66":0,"67":0,"68":0,"69":0,"70":0,"71":0,"72":0,"73":0,"74":0,"75":0,"76":0,"77":0,"78":0,"79":0},"f":{"0":0,"1":0,"2":0,"3":0,"4":0,"5":0},"b":{"0":[0,0],"1":[0,0],"2":[0,0],"3":[0,0],"4":[0,0],"5":[0,0],"6":[0,0],"7":[0,0],"8":[0,0],"9":[0,0],"10":[0,0]}}
,"C:\\Users\\grego\\Desktop\\DevOps Insurance\\backend\\routes\\auth.js": {"path":"C:\\Users\\grego\\Desktop\\DevOps Insurance\\backend\\routes\\auth.js","statementMap":{"0":{"start":{"line":6,"column":16},"end":{"line":6,"column":34}},"1":{"start":{"line":7,"column":17},"end":{"line":7,"column":45}},"2":{"start":{"line":8,"column":45},"end":{"line":8,"column":74}},"3":{"start":{"line":9,"column":35},"end":{"line":9,"column":71}},"4":{"start":{"line":10,"column":59},"end":{"line":10,"column":93}},"5":{"start":{"line":11,"column":17},"end":{"line":11,"column":47}},"6":{"start":{"line":12,"column":20},"end":{"line":12,"column":54}},"7":{"start":{"line":14,"column":15},"end":{"line":14,"column":31}},"8":{"start":{"line":17,"column":27},"end":{"line":35,"column":1}},"9":{"start":{"line":37,"column":24},"end":{"line":45,"column":1}},"10":{"start":{"line":48,"column":0},"end":{"line":71,"column":3}},"11":{"start":{"line":49,"column":2},"end":{"line":70,"column":3}},"12":{"start":{"line":50,"column":28},"end":{"line":50,"column":60}},"13":{"start":{"line":51,"column":4},"end":{"line":51,"column":48}},"14":{"start":{"line":51,"column":25},"end":{"line":51,"column":48}},"15":{"start":{"line":53,"column":45},"end":{"line":53,"column":53}},"16":{"start":{"line":54,"column":19},"end":{"line":54,"column":77}},"17":{"start":{"line":56,"column":4},"end":{"line":59,"column":5}},"18":{"start":{"line":57,"column":25},"end":{"line":57,"column":76}},"19":{"start":{"line":58,"column":6},"end":{"line":58,"column":58}},"20":{"start":{"line":61,"column":18},"end":{"line":61,"column":56}},"21":{"start":{"line":62,"column":4},"end":{"line":65,"column":7}},"22":{"start":{"line":68,"column":4},"end":{"line":68,"column":48}},"23":{"start":{"line":69,"column":4},"end":{"line":69,"column":80}},"24":{"start":{"line":74,"column":0},"end":{"line":96,"column":3}},"25":{"start":{"line":75,"column":2},"end":{"line":95,"column":3}},"26":{"start":{"line":76,"column":28},"end":{"line":76,"column":60}},"27":{"start":{"line":77,"column":4},"end":{"line":77,"column":48}},"28":{"start":{"line":77,"column":25},"end":{"line":77,"column":48}},"29":{"start":{"line":79,"column":32},"end":{"line":79,"column":40}},"30":{"start":{"line":80,"column":19},"end":{"line":80,"column":70}},"31":{"start":{"line":82,"column":4},"end":{"line":84,"column":5}},"32":{"start":{"line":83,"column":6},"end":{"line":83,"column":51}},"33":{"start":{"line":86,"column":18},"end":{"line":86,"column":66}},"34":{"start":{"line":87,"column":4},"end":{"line":90,"column":7}},"35":{"start":{"line":93,"column":4},"end":{"line":93,"column":41}},"36":{"start":{"line":94,"column":4},"end":{"line":94,"column":73}},"37":{"start":{"line":99,"column":0},"end":{"line":114,"column":3}},"38":{"start":{"line":100,"column":2},"end":{"line":113,"column":3}},"39":{"start":{"line":101,"column":17},"end":{"line":101,"column":53}},"40":{"start":{"line":102,"column":4},"end":{"line":104,"column":5}},"41":{"start":{"line":103,"column":6},"end":{"line":103,"column":55}},"42":{"start":{"line":106,"column":4},"end":{"line":108,"column":7}},"43":{"start":{"line":111,"column":4},"end":{"line":111,"column":43}},"44":{"start":{"line":112,"column":4},"end":{"line":112,"column":60}},"45":{"start":{"line":117,"column":0},"end":{"line":151,"column":3}},"46":{"start":{"line":128,"column":2},"end":{"line":150,"column":3}},"47":{"start":{"line":129,"column":28},"end":{"line":129,"column":60}},"48":{"start":{"line":130,"column":4},"end":{"line":130,"column":48}},"49":{"start":{"line":130,"column":25},"end":{"line":130,"column":48}},"50":{"start":{"line":132,"column":28},"end":{"line":132,"column":36}},"51":{"start":{"line":133,"column":23},"end":{"line":133,"column":25}},"52":{"start":{"line":134,"column":4},"end":{"line":134,"column":37}},"53":{"start":{"line":134,"column":14},"end":{"line":134,"column":37}},"54":{"start":{"line":135,"column":4},"end":{"line":135,"column":40}},"55":{"start":{"line":135,"column":15},"end":{"line":135,"column":40}},"56":{"start":{"line":137,"column":20},"end":{"line":137,"column":67}},"57":{"start":{"line":138,"column":4},"end":{"line":140,"column":5}},"58":{"start":{"line":139,"column":6},"end":{"line":139,"column":65}},"59":{"start":{"line":142,"column":24},"end":{"line":142,"column":60}},"60":{"start":{"line":143,"column":4},"end":{"line":145,"column":7}},"61":{"start":{"line":148,"column":4},"end":{"line":148,"column":50}},"62":{"start":{"line":149,"column":4},"end":{"line":149,"column":60}},"63":{"start":{"line":154,"column":0},"end":{"line":168,"column":3}},"64":{"start":{"line":155,"column":2},"end":{"line":167,"column":3}},"65":{"start":{"line":156,"column":20},"end":{"line":156,"column":55}},"66":{"start":{"line":158,"column":4},"end":{"line":160,"column":5}},"67":{"start":{"line":159,"column":6},"end":{"line":159,"column":65}},"68":{"start":{"line":162,"column":4},"end":{"line":162,"column":69}},"69":{"start":{"line":165,"column":4},"end":{"line":165,"column":52}},"70":{"start":{"line":166,"column":4},"end":{"line":166,"column":60}},"71":{"start":{"line":170,"column":0},"end":{"line":170,"column":24}}},"fnMap":{"0":{"name":"(anonymous_0)","decl":{"start":{"line":48,"column":45},"end":{"line":48,"column":46}},"loc":{"start":{"line":48,"column":65},"end":{"line":71,"column":1}},"line":48},"1":{"name":"(anonymous_1)","decl":{"start":{"line":74,"column":39},"end":{"line":74,"column":40}},"loc":{"start":{"line":74,"column":59},"end":{"line":96,"column":1}},"line":74},"2":{"name":"(anonymous_2)","decl":{"start":{"line":99,"column":42},"end":{"line":99,"column":43}},"loc":{"start":{"line":99,"column":56},"end":{"line":114,"column":1}},"line":99},"3":{"name":"(anonymous_3)","decl":{"start":{"line":127,"column":3},"end":{"line":127,"column":4}},"loc":{"start":{"line":127,"column":17},"end":{"line":151,"column":1}},"line":127},"4":{"name":"(anonymous_4)","decl":{"start":{"line":154,"column":45},"end":{"line":154,"column":46}},"loc":{"start":{"line":154,"column":65},"end":{"line":168,"column":1}},"line":154}},"branchMap":{"0":{"loc":{"start":{"line":51,"column":4},"end":{"line":51,"column":48}},"type":"if","locations":[{"start":{"line":51,"column":4},"end":{"line":51,"column":48}},{"start":{},"end":{}}],"line":51},"1":{"loc":{"start":{"line":56,"column":4},"end":{"line":59,"column":5}},"type":"if","locations":[{"start":{"line":56,"column":4},"end":{"line":59,"column":5}},{"start":{},"end":{}}],"line":56},"2":{"loc":{"start":{"line":57,"column":25},"end":{"line":57,"column":76}},"type":"cond-expr","locations":[{"start":{"line":57,"column":67},"end":{"line":57,"column":70}},{"start":{"line":57,"column":73},"end":{"line":57,"column":76}}],"line":57},"3":{"loc":{"start":{"line":77,"column":4},"end":{"line":77,"column":48}},"type":"if","locations":[{"start":{"line":77,"column":4},"end":{"line":77,"column":48}},{"start":{},"end":{}}],"line":77},"4":{"loc":{"start":{"line":82,"column":4},"end":{"line":84,"column":5}},"type":"if","locations":[{"start":{"line":82,"column":4},"end":{"line":84,"column":5}},{"start":{},"end":{}}],"line":82},"5":{"loc":{"start":{"line":102,"column":4},"end":{"line":104,"column":5}},"type":"if","locations":[{"start":{"line":102,"column":4},"end":{"line":104,"column":5}},{"start":{},"end":{}}],"line":102},"6":{"loc":{"start":{"line":130,"column":4},"end":{"line":130,"column":48}},"type":"if","locations":[{"start":{"line":130,"column":4},"end":{"line":130,"column":48}},{"start":{},"end":{}}],"line":130},"7":{"loc":{"start":{"line":134,"column":4},"end":{"line":134,"column":37}},"type":"if","locations":[{"start":{"line":134,"column":4},"end":{"line":134,"column":37}},{"start":{},"end":{}}],"line":134},"8":{"loc":{"start":{"line":135,"column":4},"end":{"line":135,"column":40}},"type":"if","locations":[{"start":{"line":135,"column":4},"end":{"line":135,"column":40}},{"start":{},"end":{}}],"line":135},"9":{"loc":{"start":{"line":138,"column":4},"end":{"line":140,"column":5}},"type":"if","locations":[{"start":{"line":138,"column":4},"end":{"line":140,"column":5}},{"start":{},"end":{}}],"line":138},"10":{"loc":{"start":{"line":158,"column":4},"end":{"line":160,"column":5}},"type":"if","locations":[{"start":{"line":158,"column":4},"end":{"line":160,"column":5}},{"start":{},"end":{}}],"line":158}},"s":{"0":0,"1":0,"2":0,"3":0,"4":0,"5":0,"6":0,"7":0,"8":0,"9":0,"10":0,"11":0,"12":0,"13":0,"14":0,"15":0,"16":0,"17":0,"18":0,"19":0,"20":0,"21":0,"22":0,"23":0,"24":0,"25":0,"26":0,"27":0,"28":0,"29":0,"30":0,"31":0,"32":0,"33":0,"34":0,"35":0,"36":0,"37":0,"38":0,"39":0,"40":0,"41":0,"42":0,"43":0,"44":0,"45":0,"46":0,"47":0,"48":0,"49":0,"50":0,"51":0,"52":0,"53":0,"54":0,"55":0,"56":0,"57":0,"58":0,"59":0,"60":0,"61":0,"62":0,"63":0,"64":0,"65":0,"66":0,"67":0,"68":0,"69":0,"70":0,"71":0},"f":{"0":0,"1":0,"2":0,"3":0,"4":0},"b":{"0":[0,0],"1":[0,0],"2":[0,0],"3":[0,0],"4":[0,0],"5":[0,0],"6":[0,0],"7":[0,0],"8":[0,0],"9":[0,0],"10":[0,0]}}
,"C:\\Users\\grego\\Desktop\\DevOps Insurance\\backend\\routes\\health.js": {"path":"C:\\Users\\grego\\Desktop\\DevOps Insurance\\backend\\routes\\health.js","statementMap":{"0":{"start":{"line":6,"column":16},"end":{"line":6,"column":34}},"1":{"start":{"line":7,"column":15},"end":{"line":7,"column":31}},"2":{"start":{"line":8,"column":28},"end":{"line":8,"column":62}},"3":{"start":{"line":9,"column":20},"end":{"line":9,"column":46}},"4":{"start":{"line":15,"column":0},"end":{"line":31,"column":3}},"5":{"start":{"line":16,"column":21},"end":{"line":28,"column":3}},"6":{"start":{"line":30,"column":2},"end":{"line":30,"column":64}},"7":{"start":{"line":33,"column":0},"end":{"line":33,"column":24}}},"fnMap":{"0":{"name":"(anonymous_0)","decl":{"start":{"line":15,"column":16},"end":{"line":15,"column":17}},"loc":{"start":{"line":15,"column":30},"end":{"line":31,"column":1}},"line":15}},"branchMap":{"0":{"loc":{"start":{"line":22,"column":17},"end":{"line":22,"column":54}},"type":"binary-expr","locations":[{"start":{"line":22,"column":17},"end":{"line":22,"column":37}},{"start":{"line":22,"column":41},"end":{"line":22,"column":54}}],"line":22}},"s":{"0":0,"1":0,"2":0,"3":0,"4":0,"5":0,"6":0,"7":0},"f":{"0":0},"b":{"0":[0,0]}}
,"C:\\Users\\grego\\Desktop\\DevOps Insurance\\backend\\routes\\metrics.js": {"path":"C:\\Users\\grego\\Desktop\\DevOps Insurance\\backend\\routes\\metrics.js","statementMap":{"0":{"start":{"line":6,"column":16},"end":{"line":6,"column":34}},"1":{"start":{"line":7,"column":15},"end":{"line":7,"column":31}},"2":{"start":{"line":8,"column":23},"end":{"line":8,"column":55}},"3":{"start":{"line":14,"column":0},"end":{"line":22,"column":3}},"4":{"start":{"line":15,"column":2},"end":{"line":21,"column":3}},"5":{"start":{"line":16,"column":20},"end":{"line":16,"column":38}},"6":{"start":{"line":17,"column":4},"end":{"line":17,"column":72}},"7":{"start":{"line":18,"column":4},"end":{"line":18,"column":34}},"8":{"start":{"line":20,"column":4},"end":{"line":20,"column":71}},"9":{"start":{"line":24,"column":0},"end":{"line":24,"column":24}}},"fnMap":{"0":{"name":"(anonymous_0)","decl":{"start":{"line":14,"column":16},"end":{"line":14,"column":17}},"loc":{"start":{"line":14,"column":36},"end":{"line":22,"column":1}},"line":14}},"branchMap":{},"s":{"0":0,"1":0,"2":0,"3":0,"4":0,"5":0,"6":0,"7":0,"8":0,"9":0},"f":{"0":0},"b":{}}
,"C:\\Users\\grego\\Desktop\\DevOps Insurance\\backend\\routes\\upload.js": {"path":"C:\\Users\\grego\\Desktop\\DevOps Insurance\\backend\\routes\\upload.js","statementMap":{"0":{"start":{"line":6,"column":16},"end":{"line":6,"column":34}},"1":{"start":{"line":7,"column":15},"end":{"line":7,"column":32}},"2":{"start":{"line":8,"column":13},"end":{"line":8,"column":28}},"3":{"start":{"line":9,"column":11},"end":{"line":9,"column":24}},"4":{"start":{"line":10,"column":23},"end":{"line":10,"column":38}},"5":{"start":{"line":11,"column":30},"end":{"line":11,"column":59}},"6":{"start":{"line":12,"column":43},"end":{"line":12,"column":77}},"7":{"start":{"line":13,"column":48},"end":{"line":13,"column":78}},"8":{"start":{"line":14,"column":19},"end":{"line":14,"column":49}},"9":{"start":{"line":16,"column":15},"end":{"line":16,"column":31}},"10":{"start":{"line":19,"column":16},"end":{"line":29,"column":2}},"11":{"start":{"line":21,"column":22},"end":{"line":21,"column":36}},"12":{"start":{"line":22,"column":4},"end":{"line":22,"column":37}},"13":{"start":{"line":23,"column":4},"end":{"line":23,"column":24}},"14":{"start":{"line":26,"column":23},"end":{"line":26,"column":70}},"15":{"start":{"line":27,"column":4},"end":{"line":27,"column":25}},"16":{"start":{"line":32,"column":19},"end":{"line":43,"column":1}},"17":{"start":{"line":33,"column":18},"end":{"line":35,"column":3}},"18":{"start":{"line":34,"column":4},"end":{"line":34,"column":56}},"19":{"start":{"line":36,"column":19},"end":{"line":36,"column":68}},"20":{"start":{"line":38,"column":2},"end":{"line":42,"column":3}},"21":{"start":{"line":39,"column":4},"end":{"line":39,"column":26}},"22":{"start":{"line":41,"column":4},"end":{"line":41,"column":93}},"23":{"start":{"line":46,"column":15},"end":{"line":53,"column":2}},"24":{"start":{"line":58,"column":23},"end":{"line":68,"column":2}},"25":{"start":{"line":58,"column":42},"end":{"line":68,"column":1}},"26":{"start":{"line":71,"column":0},"end":{"line":86,"column":3}},"27":{"start":{"line":72,"column":2},"end":{"line":85,"column":3}},"28":{"start":{"line":73,"column":4},"end":{"line":75,"column":5}},"29":{"start":{"line":74,"column":6},"end":{"line":74,"column":63}},"30":{"start":{"line":77,"column":21},"end":{"line":77,"column":58}},"31":{"start":{"line":78,"column":4},"end":{"line":80,"column":7}},"32":{"start":{"line":83,"column":4},"end":{"line":83,"column":49}},"33":{"start":{"line":84,"column":4},"end":{"line":84,"column":61}},"34":{"start":{"line":89,"column":0},"end":{"line":104,"column":3}},"35":{"start":{"line":90,"column":2},"end":{"line":103,"column":3}},"36":{"start":{"line":91,"column":4},"end":{"line":93,"column":5}},"37":{"start":{"line":92,"column":6},"end":{"line":92,"column":64}},"38":{"start":{"line":95,"column":22},"end":{"line":95,"column":78}},"39":{"start":{"line":95,"column":44},"end":{"line":95,"column":77}},"40":{"start":{"line":96,"column":4},"end":{"line":98,"column":7}},"41":{"start":{"line":101,"column":4},"end":{"line":101,"column":51}},"42":{"start":{"line":102,"column":4},"end":{"line":102,"column":62}},"43":{"start":{"line":107,"column":0},"end":{"line":128,"column":3}},"44":{"start":{"line":108,"column":2},"end":{"line":127,"column":3}},"45":{"start":{"line":109,"column":21},"end":{"line":109,"column":40}},"46":{"start":{"line":110,"column":21},"end":{"line":110,"column":56}},"47":{"start":{"line":112,"column":4},"end":{"line":114,"column":5}},"48":{"start":{"line":113,"column":6},"end":{"line":113,"column":55}},"49":{"start":{"line":116,"column":18},"end":{"line":116,"column":39}},"50":{"start":{"line":117,"column":4},"end":{"line":122,"column":7}},"51":{"start":{"line":125,"column":4},"end":{"line":125,"column":45}},"52":{"start":{"line":126,"column":4},"end":{"line":126,"column":69}},"53":{"start":{"line":131,"column":0},"end":{"line":149,"column":3}},"54":{"start":{"line":132,"column":2},"end":{"line":148,"column":3}},"55":{"start":{"line":133,"column":21},"end":{"line":133,"column":40}},"56":{"start":{"line":134,"column":21},"end":{"line":134,"column":56}},"57":{"start":{"line":136,"column":4},"end":{"line":138,"column":5}},"58":{"start":{"line":137,"column":6},"end":{"line":137,"column":55}},"59":{"start":{"line":140,"column":4},"end":{"line":140,"column":28}},"60":{"start":{"line":141,"column":4},"end":{"line":143,"column":7}},"61":{"start":{"line":146,"column":4},"end":{"line":146,"column":49}},"62":{"start":{"line":147,"column":4},"end":{"line":147,"column":60}},"63":{"start":{"line":152,"column":0},"end":{"line":169,"column":3}},"64":{"start":{"line":153,"column":2},"end":{"line":162,"column":3}},"65":{"start":{"line":154,"column":26},"end":{"line":158,"column":5}},"66":{"start":{"line":160,"column":20},"end":{"line":160,"column":62}},"67":{"start":{"line":161,"column":4},"end":{"line":161,"column":44}},"68":{"start":{"line":164,"column":2},"end":{"line":166,"column":3}},"69":{"start":{"line":165,"column":4},"end":{"line":165,"column":50}},"70":{"start":{"line":168,"column":2},"end":{"line":168,"column":14}},"71":{"start":{"line":171,"column":0},"end":{"line":171,"column":24}}},"fnMap":{"0":{"name":"(anonymous_0)","decl":{"start":{"line":20,"column":15},"end":{"line":20,"column":16}},"loc":{"start":{"line":20,"column":34},"end":{"line":24,"column":3}},"line":20},"1":{"name":"(anonymous_1)","decl":{"start":{"line":25,"column":12},"end":{"line":25,"column":13}},"loc":{"start":{"line":25,"column":31},"end":{"line":28,"column":3}},"line":25},"2":{"name":"(anonymous_2)","decl":{"start":{"line":32,"column":19},"end":{"line":32,"column":20}},"loc":{"start":{"line":32,"column":38},"end":{"line":43,"column":1}},"line":32},"3":{"name":"(anonymous_3)","decl":{"start":{"line":33,"column":50},"end":{"line":33,"column":51}},"loc":{"start":{"line":34,"column":4},"end":{"line":34,"column":56}},"line":34},"4":{"name":"(anonymous_4)","decl":{"start":{"line":58,"column":23},"end":{"line":58,"column":24}},"loc":{"start":{"line":58,"column":42},"end":{"line":68,"column":1}},"line":58},"5":{"name":"(anonymous_5)","decl":{"start":{"line":71,"column":66},"end":{"line":71,"column":67}},"loc":{"start":{"line":71,"column":80},"end":{"line":86,"column":1}},"line":71},"6":{"name":"(anonymous_6)","decl":{"start":{"line":89,"column":98},"end":{"line":89,"column":99}},"loc":{"start":{"line":89,"column":112},"end":{"line":104,"column":1}},"line":89},"7":{"name":"(anonymous_7)","decl":{"start":{"line":95,"column":36},"end":{"line":95,"column":37}},"loc":{"start":{"line":95,"column":44},"end":{"line":95,"column":77}},"line":95},"8":{"name":"(anonymous_8)","decl":{"start":{"line":107,"column":49},"end":{"line":107,"column":50}},"loc":{"start":{"line":107,"column":63},"end":{"line":128,"column":1}},"line":107},"9":{"name":"(anonymous_9)","decl":{"start":{"line":131,"column":52},"end":{"line":131,"column":53}},"loc":{"start":{"line":131,"column":66},"end":{"line":149,"column":1}},"line":131},"10":{"name":"(anonymous_10)","decl":{"start":{"line":152,"column":11},"end":{"line":152,"column":12}},"loc":{"start":{"line":152,"column":38},"end":{"line":169,"column":1}},"line":152}},"branchMap":{"0":{"loc":{"start":{"line":38,"column":2},"end":{"line":42,"column":3}},"type":"if","locations":[{"start":{"line":38,"column":2},"end":{"line":42,"column":3}},{"start":{"line":40,"column":9},"end":{"line":42,"column":3}}],"line":38},"1":{"loc":{"start":{"line":38,"column":6},"end":{"line":38,"column":25}},"type":"binary-expr","locations":[{"start":{"line":38,"column":6},"end":{"line":38,"column":14}},{"start":{"line":38,"column":18},"end":{"line":38,"column":25}}],"line":38},"2":{"loc":{"start":{"line":49,"column":14},"end":{"line":49,"column":73}},"type":"binary-expr","locations":[{"start":{"line":49,"column":14},"end":{"line":49,"column":49}},{"start":{"line":49,"column":53},"end":{"line":49,"column":73}}],"line":49},"3":{"loc":{"start":{"line":73,"column":4},"end":{"line":75,"column":5}},"type":"if","locations":[{"start":{"line":73,"column":4},"end":{"line":75,"column":5}},{"start":{},"end":{}}],"line":73},"4":{"loc":{"start":{"line":91,"column":4},"end":{"line":93,"column":5}},"type":"if","locations":[{"start":{"line":91,"column":4},"end":{"line":93,"column":5}},{"start":{},"end":{}}],"line":91},"5":{"loc":{"start":{"line":91,"column":8},"end":{"line":91,"column":44}},"type":"binary-expr","locations":[{"start":{"line":91,"column":8},"end":{"line":91,"column":18}},{"start":{"line":91,"column":22},"end":{"line":91,"column":44}}],"line":91},"6":{"loc":{"start":{"line":112,"column":4},"end":{"line":114,"column":5}},"type":"if","locations":[{"start":{"line":112,"column":4},"end":{"line":114,"column":5}},{"start":{},"end":{}}],"line":112},"7":{"loc":{"start":{"line":136,"column":4},"end":{"line":138,"column":5}},"type":"if","locations":[{"start":{"line":136,"column":4},"end":{"line":138,"column":5}},{"start":{},"end":{}}],"line":136},"8":{"loc":{"start":{"line":153,"column":2},"end":{"line":162,"column":3}},"type":"if","locations":[{"start":{"line":153,"column":2},"end":{"line":162,"column":3}},{"start":{},"end":{}}],"line":153},"9":{"loc":{"start":{"line":160,"column":20},"end":{"line":160,"column":62}},"type":"binary-expr","locations":[{"start":{"line":160,"column":20},"end":{"line":160,"column":45}},{"start":{"line":160,"column":49},"end":{"line":160,"column":62}}],"line":160},"10":{"loc":{"start":{"line":164,"column":2},"end":{"line":166,"column":3}},"type":"if","locations":[{"start":{"line":164,"column":2},"end":{"line":166,"column":3}},{"start":{},"end":{}}],"line":164},"11":{"loc":{"start":{"line":164,"column":6},"end":{"line":164,"column":77}},"type":"binary-expr","locations":[{"start":{"line":164,"column":6},"end":{"line":164,"column":19}},{"start":{"line":164,"column":23},"end":{"line":164,"column":77}}],"line":164}},"s":{"0":0,"1":0,"2":0,"3":0,"4":0,"5":0,"6":0,"7":0,"8":0,"9":0,"10":0,"11":0,"12":0,"13":0,"14":0,"15":0,"16":0,"17":0,"18":0,"19":0,"20":0,"21":0,"22":0,"23":0,"24":0,"25":0,"26":0,"27":0,"28":0,"29":0,"30":0,"31":0,"32":0,"33":0,"34":0,"35":0,"36":0,"37":0,"38":0,"39":0,"40":0,"41":0,"42":0,"43":0,"44":0,"45":0,"46":0,"47":0,"48":0,"49":0,"50":0,"51":0,"52":0,"53":0,"54":0,"55":0,"56":0,"57":0,"58":0,"59":0,"60":0,"61":0,"62":0,"63":0,"64":0,"65":0,"66":0,"67":0,"68":0,"69":0,"70":0,"71":0},"f":{"0":0,"1":0,"2":0,"3":0,"4":0,"5":0,"6":0,"7":0,"8":0,"9":0,"10":0},"b":{"0":[0,0],"1":[0,0],"2":[0,0],"3":[0,0],"4":[0,0],"5":[0,0],"6":[0,0],"7":[0,0],"8":[0,0],"9":[0,0],"10":[0,0],"11":[0,0]}}
,"C:\\Users\\grego\\Desktop\\DevOps Insurance\\backend\\routes\\uuid.js": {"path":"C:\\Users\\grego\\Desktop\\DevOps Insurance\\backend\\routes\\uuid.js","statementMap":{"0":{"start":{"line":2,"column":23},"end":{"line":2,"column":38}},"1":{"start":{"line":7,"column":2},"end":{"line":11,"column":5}},"2":{"start":{"line":8,"column":14},"end":{"line":8,"column":36}},"3":{"start":{"line":9,"column":14},"end":{"line":9,"column":45}},"4":{"start":{"line":10,"column":4},"end":{"line":10,"column":26}},"5":{"start":{"line":14,"column":0},"end":{"line":14,"column":34}}},"fnMap":{"0":{"name":"generateUUID","decl":{"start":{"line":6,"column":9},"end":{"line":6,"column":21}},"loc":{"start":{"line":6,"column":24},"end":{"line":12,"column":1}},"line":6},"1":{"name":"(anonymous_1)","decl":{"start":{"line":7,"column":48},"end":{"line":7,"column":49}},"loc":{"start":{"line":7,"column":60},"end":{"line":11,"column":3}},"line":7}},"branchMap":{"0":{"loc":{"start":{"line":9,"column":14},"end":{"line":9,"column":45}},"type":"cond-expr","locations":[{"start":{"line":9,"column":26},"end":{"line":9,"column":27}},{"start":{"line":9,"column":31},"end":{"line":9,"column":44}}],"line":9}},"s":{"0":0,"1":0,"2":0,"3":0,"4":0,"5":0},"f":{"0":0,"1":0},"b":{"0":[0,0]}}
,"C:\\Users\\grego\\Desktop\\DevOps Insurance\\backend\\services\\AssessmentService.js": {"path":"C:\\Users\\grego\\Desktop\\DevOps Insurance\\backend\\services\\AssessmentService.js","statementMap":{"0":{"start":{"line":7,"column":23},"end":{"line":7,"column":38}},"1":{"start":{"line":8,"column":20},"end":{"line":8,"column":51}},"2":{"start":{"line":9,"column":48},"end":{"line":9,"column":78}},"3":{"start":{"line":10,"column":23},"end":{"line":10,"column":53}},"4":{"start":{"line":14,"column":4},"end":{"line":14,"column":55}},"5":{"start":{"line":21,"column":23},"end":{"line":32,"column":5}},"6":{"start":{"line":34,"column":18},"end":{"line":34,"column":49}},"7":{"start":{"line":35,"column":4},"end":{"line":35,"column":37}},"8":{"start":{"line":42,"column":27},"end":{"line":42,"column":46}},"9":{"start":{"line":43,"column":4},"end":{"line":45,"column":69}},"10":{"start":{"line":44,"column":28},"end":{"line":44,"column":56}},"11":{"start":{"line":45,"column":22},"end":{"line":45,"column":67}},"12":{"start":{"line":52,"column":4},"end":{"line":52,"column":47}},"13":{"start":{"line":59,"column":4},"end":{"line":59,"column":54}},"14":{"start":{"line":63,"column":0},"end":{"line":63,"column":41}}},"fnMap":{"0":{"name":"(anonymous_0)","decl":{"start":{"line":13,"column":2},"end":{"line":13,"column":3}},"loc":{"start":{"line":13,"column":16},"end":{"line":15,"column":3}},"line":13},"1":{"name":"(anonymous_1)","decl":{"start":{"line":20,"column":2},"end":{"line":20,"column":3}},"loc":{"start":{"line":20,"column":72},"end":{"line":36,"column":3}},"line":20},"2":{"name":"(anonymous_2)","decl":{"start":{"line":41,"column":2},"end":{"line":41,"column":3}},"loc":{"start":{"line":41,"column":29},"end":{"line":46,"column":3}},"line":41},"3":{"name":"(anonymous_3)","decl":{"start":{"line":44,"column":14},"end":{"line":44,"column":15}},"loc":{"start":{"line":44,"column":28},"end":{"line":44,"column":56}},"line":44},"4":{"name":"(anonymous_4)","decl":{"start":{"line":45,"column":12},"end":{"line":45,"column":13}},"loc":{"start":{"line":45,"column":22},"end":{"line":45,"column":67}},"line":45},"5":{"name":"(anonymous_5)","decl":{"start":{"line":51,"column":2},"end":{"line":51,"column":3}},"loc":{"start":{"line":51,"column":34},"end":{"line":53,"column":3}},"line":51},"6":{"name":"(anonymous_6)","decl":{"start":{"line":58,"column":2},"end":{"line":58,"column":3}},"loc":{"start":{"line":58,"column":38},"end":{"line":60,"column":3}},"line":58}},"branchMap":{"0":{"loc":{"start":{"line":26,"column":19},"end":{"line":26,"column":36}},"type":"binary-expr","locations":[{"start":{"line":26,"column":19},"end":{"line":26,"column":30}},{"start":{"line":26,"column":34},"end":{"line":26,"column":36}}],"line":26},"1":{"loc":{"start":{"line":27,"column":16},"end":{"line":27,"column":30}},"type":"binary-expr","locations":[{"start":{"line":27,"column":16},"end":{"line":27,"column":24}},{"start":{"line":27,"column":28},"end":{"line":27,"column":30}}],"line":27},"2":{"loc":{"start":{"line":35,"column":11},"end":{"line":35,"column":36}},"type":"cond-expr","locations":[{"start":{"line":35,"column":19},"end":{"line":35,"column":29}},{"start":{"line":35,"column":32},"end":{"line":35,"column":36}}],"line":35},"3":{"loc":{"start":{"line":59,"column":11},"end":{"line":59,"column":53}},"type":"binary-expr","locations":[{"start":{"line":59,"column":11},"end":{"line":59,"column":21}},{"start":{"line":59,"column":25},"end":{"line":59,"column":53}}],"line":59}},"s":{"0":0,"1":0,"2":0,"3":0,"4":0,"5":0,"6":0,"7":0,"8":0,"9":0,"10":0,"11":0,"12":0,"13":0,"14":0},"f":{"0":0,"1":0,"2":0,"3":0,"4":0,"5":0,"6":0},"b":{"0":[0,0],"1":[0,0],"2":[0,0],"3":[0,0]}}
,"C:\\Users\\grego\\Desktop\\DevOps Insurance\\backend\\services\\ClaimService.js": {"path":"C:\\Users\\grego\\Desktop\\DevOps Insurance\\backend\\services\\ClaimService.js","statementMap":{"0":{"start":{"line":7,"column":23},"end":{"line":7,"column":38}},"1":{"start":{"line":8,"column":20},"end":{"line":8,"column":51}},"2":{"start":{"line":9,"column":18},"end":{"line":9,"column":48}},"3":{"start":{"line":10,"column":54},"end":{"line":10,"column":85}},"4":{"start":{"line":14,"column":4},"end":{"line":14,"column":50}},"5":{"start":{"line":21,"column":4},"end":{"line":21,"column":88}},"6":{"start":{"line":28,"column":18},"end":{"line":42,"column":5}},"7":{"start":{"line":44,"column":18},"end":{"line":44,"column":44}},"8":{"start":{"line":45,"column":4},"end":{"line":45,"column":32}},"9":{"start":{"line":52,"column":22},"end":{"line":52,"column":41}},"10":{"start":{"line":53,"column":4},"end":{"line":55,"column":69}},"11":{"start":{"line":54,"column":23},"end":{"line":54,"column":46}},"12":{"start":{"line":55,"column":22},"end":{"line":55,"column":67}},"13":{"start":{"line":62,"column":4},"end":{"line":62,"column":42}},"14":{"start":{"line":69,"column":4},"end":{"line":69,"column":44}},"15":{"start":{"line":73,"column":0},"end":{"line":73,"column":36}}},"fnMap":{"0":{"name":"(anonymous_0)","decl":{"start":{"line":13,"column":2},"end":{"line":13,"column":3}},"loc":{"start":{"line":13,"column":16},"end":{"line":15,"column":3}},"line":13},"1":{"name":"(anonymous_1)","decl":{"start":{"line":20,"column":2},"end":{"line":20,"column":3}},"loc":{"start":{"line":20,"column":24},"end":{"line":22,"column":3}},"line":20},"2":{"name":"(anonymous_2)","decl":{"start":{"line":27,"column":2},"end":{"line":27,"column":3}},"loc":{"start":{"line":27,"column":59},"end":{"line":46,"column":3}},"line":27},"3":{"name":"(anonymous_3)","decl":{"start":{"line":51,"column":2},"end":{"line":51,"column":3}},"loc":{"start":{"line":51,"column":24},"end":{"line":56,"column":3}},"line":51},"4":{"name":"(anonymous_4)","decl":{"start":{"line":54,"column":14},"end":{"line":54,"column":15}},"loc":{"start":{"line":54,"column":23},"end":{"line":54,"column":46}},"line":54},"5":{"name":"(anonymous_5)","decl":{"start":{"line":55,"column":12},"end":{"line":55,"column":13}},"loc":{"start":{"line":55,"column":22},"end":{"line":55,"column":67}},"line":55},"6":{"name":"(anonymous_6)","decl":{"start":{"line":61,"column":2},"end":{"line":61,"column":3}},"loc":{"start":{"line":61,"column":24},"end":{"line":63,"column":3}},"line":61},"7":{"name":"(anonymous_7)","decl":{"start":{"line":68,"column":2},"end":{"line":68,"column":3}},"loc":{"start":{"line":68,"column":33},"end":{"line":70,"column":3}},"line":68}},"branchMap":{"0":{"loc":{"start":{"line":36,"column":20},"end":{"line":36,"column":50}},"type":"binary-expr","locations":[{"start":{"line":36,"column":20},"end":{"line":36,"column":42}},{"start":{"line":36,"column":46},"end":{"line":36,"column":50}}],"line":36},"1":{"loc":{"start":{"line":45,"column":11},"end":{"line":45,"column":31}},"type":"cond-expr","locations":[{"start":{"line":45,"column":19},"end":{"line":45,"column":24}},{"start":{"line":45,"column":27},"end":{"line":45,"column":31}}],"line":45},"2":{"loc":{"start":{"line":69,"column":11},"end":{"line":69,"column":43}},"type":"binary-expr","locations":[{"start":{"line":69,"column":11},"end":{"line":69,"column":16}},{"start":{"line":69,"column":20},"end":{"line":69,"column":43}}],"line":69}},"s":{"0":0,"1":0,"2":0,"3":0,"4":0,"5":0,"6":0,"7":0,"8":0,"9":0,"10":0,"11":0,"12":0,"13":0,"14":0,"15":0},"f":{"0":0,"1":0,"2":0,"3":0,"4":0,"5":0,"6":0,"7":0},"b":{"0":[0,0],"1":[0,0],"2":[0,0]}}
,"C:\\Users\\grego\\Desktop\\DevOps Insurance\\backend\\services\\UserService.js": {"path":"C:\\Users\\grego\\Desktop\\DevOps Insurance\\backend\\services\\UserService.js","statementMap":{"0":{"start":{"line":7,"column":15},"end":{"line":7,"column":34}},"1":{"start":{"line":8,"column":23},"end":{"line":8,"column":38}},"2":{"start":{"line":9,"column":20},"end":{"line":9,"column":51}},"3":{"start":{"line":10,"column":17},"end":{"line":10,"column":47}},"4":{"start":{"line":14,"column":4},"end":{"line":14,"column":49}},"5":{"start":{"line":22,"column":25},"end":{"line":22,"column":56}},"6":{"start":{"line":23,"column":4},"end":{"line":25,"column":5}},"7":{"start":{"line":24,"column":6},"end":{"line":24,"column":62}},"8":{"start":{"line":28,"column":27},"end":{"line":28,"column":81}},"9":{"start":{"line":31,"column":20},"end":{"line":39,"column":5}},"10":{"start":{"line":41,"column":18},"end":{"line":41,"column":46}},"11":{"start":{"line":42,"column":4},"end":{"line":42,"column":72}},"12":{"start":{"line":49,"column":17},"end":{"line":49,"column":48}},"13":{"start":{"line":50,"column":4},"end":{"line":52,"column":5}},"14":{"start":{"line":51,"column":6},"end":{"line":51,"column":46}},"15":{"start":{"line":54,"column":28},"end":{"line":54,"column":73}},"16":{"start":{"line":55,"column":4},"end":{"line":57,"column":5}},"17":{"start":{"line":56,"column":6},"end":{"line":56,"column":46}},"18":{"start":{"line":59,"column":4},"end":{"line":59,"column":20}},"19":{"start":{"line":66,"column":4},"end":{"line":66,"column":41}},"20":{"start":{"line":73,"column":26},"end":{"line":76,"column":5}},"21":{"start":{"line":77,"column":4},"end":{"line":77,"column":54}},"22":{"start":{"line":84,"column":4},"end":{"line":84,"column":39}},"23":{"start":{"line":88,"column":0},"end":{"line":88,"column":35}}},"fnMap":{"0":{"name":"(anonymous_0)","decl":{"start":{"line":13,"column":2},"end":{"line":13,"column":3}},"loc":{"start":{"line":13,"column":16},"end":{"line":15,"column":3}},"line":13},"1":{"name":"(anonymous_1)","decl":{"start":{"line":20,"column":2},"end":{"line":20,"column":3}},"loc":{"start":{"line":20,"column":49},"end":{"line":43,"column":3}},"line":20},"2":{"name":"(anonymous_2)","decl":{"start":{"line":48,"column":2},"end":{"line":48,"column":3}},"loc":{"start":{"line":48,"column":42},"end":{"line":60,"column":3}},"line":48},"3":{"name":"(anonymous_3)","decl":{"start":{"line":65,"column":2},"end":{"line":65,"column":3}},"loc":{"start":{"line":65,"column":22},"end":{"line":67,"column":3}},"line":65},"4":{"name":"(anonymous_4)","decl":{"start":{"line":72,"column":2},"end":{"line":72,"column":3}},"loc":{"start":{"line":72,"column":33},"end":{"line":78,"column":3}},"line":72},"5":{"name":"(anonymous_5)","decl":{"start":{"line":83,"column":2},"end":{"line":83,"column":3}},"loc":{"start":{"line":83,"column":21},"end":{"line":85,"column":3}},"line":83}},"branchMap":{"0":{"loc":{"start":{"line":23,"column":4},"end":{"line":25,"column":5}},"type":"if","locations":[{"start":{"line":23,"column":4},"end":{"line":25,"column":5}},{"start":{},"end":{}}],"line":23},"1":{"loc":{"start":{"line":36,"column":13},"end":{"line":36,"column":26}},"type":"binary-expr","locations":[{"start":{"line":36,"column":13},"end":{"line":36,"column":18}},{"start":{"line":36,"column":22},"end":{"line":36,"column":26}}],"line":36},"2":{"loc":{"start":{"line":42,"column":11},"end":{"line":42,"column":71}},"type":"cond-expr","locations":[{"start":{"line":42,"column":19},"end":{"line":42,"column":26}},{"start":{"line":42,"column":29},"end":{"line":42,"column":71}}],"line":42},"3":{"loc":{"start":{"line":50,"column":4},"end":{"line":52,"column":5}},"type":"if","locations":[{"start":{"line":50,"column":4},"end":{"line":52,"column":5}},{"start":{},"end":{}}],"line":50},"4":{"loc":{"start":{"line":55,"column":4},"end":{"line":57,"column":5}},"type":"if","locations":[{"start":{"line":55,"column":4},"end":{"line":57,"column":5}},{"start":{},"end":{}}],"line":55}},"s":{"0":0,"1":0,"2":0,"3":0,"4":0,"5":0,"6":0,"7":0,"8":0,"9":0,"10":0,"11":0,"12":0,"13":0,"14":0,"15":0,"16":0,"17":0,"18":0,"19":0,"20":0,"21":0,"22":0,"23":0},"f":{"0":0,"1":0,"2":0,"3":0,"4":0,"5":0},"b":{"0":[0,0],"1":[0,0],"2":[0,0],"3":[0,0],"4":[0,0]}}
,"C:\\Users\\grego\\Desktop\\DevOps Insurance\\backend\\services\\aiService.js": {"path":"C:\\Users\\grego\\Desktop\\DevOps Insurance\\backend\\services\\aiService.js","statementMap":{"0":{"start":{"line":6,"column":23},"end":{"line":6,"column":63}},"1":{"start":{"line":7,"column":22},"end":{"line":7,"column":61}},"2":{"start":{"line":8,"column":22},"end":{"line":8,"column":51}},"3":{"start":{"line":9,"column":27},"end":{"line":9,"column":61}},"4":{"start":{"line":13,"column":4},"end":{"line":13,"column":73}},"5":{"start":{"line":14,"column":4},"end":{"line":14,"column":45}},"6":{"start":{"line":15,"column":4},"end":{"line":15,"column":45}},"7":{"start":{"line":16,"column":4},"end":{"line":16,"column":47}},"8":{"start":{"line":23,"column":4},"end":{"line":41,"column":5}},"9":{"start":{"line":25,"column":6},"end":{"line":32,"column":7}},"10":{"start":{"line":26,"column":8},"end":{"line":31,"column":9}},"11":{"start":{"line":27,"column":25},"end":{"line":27,"column":78}},"12":{"start":{"line":28,"column":10},"end":{"line":28,"column":52}},"13":{"start":{"line":30,"column":10},"end":{"line":30,"column":103}},"14":{"start":{"line":35,"column":21},"end":{"line":35,"column":73}},"15":{"start":{"line":36,"column":6},"end":{"line":36,"column":48}},"16":{"start":{"line":39,"column":6},"end":{"line":39,"column":59}},"17":{"start":{"line":40,"column":6},"end":{"line":40,"column":53}},"18":{"start":{"line":48,"column":4},"end":{"line":50,"column":5}},"19":{"start":{"line":49,"column":6},"end":{"line":49,"column":73}},"20":{"start":{"line":53,"column":22},"end":{"line":53,"column":68}},"21":{"start":{"line":56,"column":23},"end":{"line":56,"column":59}},"22":{"start":{"line":58,"column":4},"end":{"line":63,"column":6}},"23":{"start":{"line":70,"column":4},"end":{"line":78,"column":6}},"24":{"start":{"line":82,"column":0},"end":{"line":82,"column":33}}},"fnMap":{"0":{"name":"(anonymous_0)","decl":{"start":{"line":12,"column":2},"end":{"line":12,"column":3}},"loc":{"start":{"line":12,"column":16},"end":{"line":17,"column":3}},"line":12},"1":{"name":"(anonymous_1)","decl":{"start":{"line":22,"column":2},"end":{"line":22,"column":3}},"loc":{"start":{"line":22,"column":36},"end":{"line":42,"column":3}},"line":22},"2":{"name":"(anonymous_2)","decl":{"start":{"line":47,"column":2},"end":{"line":47,"column":3}},"loc":{"start":{"line":47,"column":32},"end":{"line":64,"column":3}},"line":47},"3":{"name":"(anonymous_3)","decl":{"start":{"line":69,"column":2},"end":{"line":69,"column":3}},"loc":{"start":{"line":69,"column":36},"end":{"line":79,"column":3}},"line":69}},"branchMap":{"0":{"loc":{"start":{"line":25,"column":6},"end":{"line":32,"column":7}},"type":"if","locations":[{"start":{"line":25,"column":6},"end":{"line":32,"column":7}},{"start":{},"end":{}}],"line":25},"1":{"loc":{"start":{"line":48,"column":4},"end":{"line":50,"column":5}},"type":"if","locations":[{"start":{"line":48,"column":4},"end":{"line":50,"column":5}},{"start":{},"end":{}}],"line":48},"2":{"loc":{"start":{"line":49,"column":38},"end":{"line":49,"column":71}},"type":"binary-expr","locations":[{"start":{"line":49,"column":38},"end":{"line":49,"column":50}},{"start":{"line":49,"column":54},"end":{"line":49,"column":71}}],"line":49},"3":{"loc":{"start":{"line":62,"column":10},"end":{"line":62,"column":46}},"type":"binary-expr","locations":[{"start":{"line":62,"column":10},"end":{"line":62,"column":21}},{"start":{"line":62,"column":25},"end":{"line":62,"column":46}}],"line":62}},"s":{"0":1,"1":1,"2":1,"3":1,"4":1,"5":1,"6":1,"7":1,"8":5,"9":5,"10":3,"11":3,"12":2,"13":1,"14":3,"15":2,"16":1,"17":1,"18":7,"19":2,"20":5,"21":5,"22":5,"23":4,"24":1},"f":{"0":1,"1":5,"2":7,"3":4},"b":{"0":[3,2],"1":[2,5],"2":[2,0],"3":[5,2]},"_coverageSchema":"1a1c01bbd47fc00a2c39e90264f33305004495a9","hash":"6bdf49b8da7dbf41811cdef49c49f2d7a6cd9527"}
,"C:\\Users\\grego\\Desktop\\DevOps Insurance\\backend\\services\\ai\\AnalysisNormalizer.js": {"path":"C:\\Users\\grego\\Desktop\\DevOps Insurance\\backend\\services\\ai\\AnalysisNormalizer.js","statementMap":{"0":{"start":{"line":6,"column":23},"end":{"line":6,"column":56}},"1":{"start":{"line":7,"column":26},"end":{"line":7,"column":56}},"2":{"start":{"line":11,"column":4},"end":{"line":11,"column":45}},"3":{"start":{"line":18,"column":23},"end":{"line":26,"column":5}},"4":{"start":{"line":29,"column":22},"end":{"line":29,"column":61}},"5":{"start":{"line":30,"column":4},"end":{"line":32,"column":5}},"6":{"start":{"line":31,"column":6},"end":{"line":31,"column":39}},"7":{"start":{"line":35,"column":4},"end":{"line":37,"column":5}},"8":{"start":{"line":36,"column":6},"end":{"line":36,"column":58}},"9":{"start":{"line":39,"column":4},"end":{"line":39,"column":22}},"10":{"start":{"line":46,"column":4},"end":{"line":48,"column":5}},"11":{"start":{"line":47,"column":6},"end":{"line":47,"column":62}},"12":{"start":{"line":47,"column":28},"end":{"line":47,"column":44}},"13":{"start":{"line":49,"column":4},"end":{"line":51,"column":5}},"14":{"start":{"line":50,"column":6},"end":{"line":50,"column":65}},"15":{"start":{"line":50,"column":39},"end":{"line":50,"column":47}},"16":{"start":{"line":52,"column":4},"end":{"line":54,"column":5}},"17":{"start":{"line":53,"column":6},"end":{"line":53,"column":16}},"18":{"start":{"line":55,"column":4},"end":{"line":55,"column":50}},"19":{"start":{"line":62,"column":4},"end":{"line":62,"column":33}},"20":{"start":{"line":62,"column":16},"end":{"line":62,"column":33}},"21":{"start":{"line":63,"column":16},"end":{"line":70,"column":5}},"22":{"start":{"line":71,"column":16},"end":{"line":71,"column":43}},"23":{"start":{"line":72,"column":4},"end":{"line":72,"column":37}},"24":{"start":{"line":79,"column":4},"end":{"line":79,"column":33}},"25":{"start":{"line":79,"column":16},"end":{"line":79,"column":33}},"26":{"start":{"line":80,"column":16},"end":{"line":80,"column":36}},"27":{"start":{"line":83,"column":4},"end":{"line":85,"column":5}},"28":{"start":{"line":84,"column":6},"end":{"line":84,"column":51}},"29":{"start":{"line":88,"column":24},"end":{"line":88,"column":48}},"30":{"start":{"line":89,"column":4},"end":{"line":89,"column":82}},"31":{"start":{"line":96,"column":18},"end":{"line":96,"column":51}},"32":{"start":{"line":96,"column":42},"end":{"line":96,"column":50}},"33":{"start":{"line":99,"column":4},"end":{"line":101,"column":5}},"34":{"start":{"line":100,"column":6},"end":{"line":100,"column":22}},"35":{"start":{"line":104,"column":23},"end":{"line":104,"column":47}},"36":{"start":{"line":105,"column":4},"end":{"line":105,"column":53}},"37":{"start":{"line":112,"column":4},"end":{"line":114,"column":5}},"38":{"start":{"line":113,"column":6},"end":{"line":113,"column":25}},"39":{"start":{"line":115,"column":4},"end":{"line":117,"column":5}},"40":{"start":{"line":116,"column":6},"end":{"line":116,"column":20}},"41":{"start":{"line":118,"column":4},"end":{"line":120,"column":5}},"42":{"start":{"line":119,"column":6},"end":{"line":119,"column":22}},"43":{"start":{"line":121,"column":4},"end":{"line":123,"column":5}},"44":{"start":{"line":122,"column":6},"end":{"line":122,"column":19}},"45":{"start":{"line":124,"column":4},"end":{"line":124,"column":21}},"46":{"start":{"line":131,"column":4},"end":{"line":133,"column":5}},"47":{"start":{"line":132,"column":6},"end":{"line":132,"column":18}},"48":{"start":{"line":135,"column":18},"end":{"line":135,"column":60}},"49":{"start":{"line":135,"column":51},"end":{"line":135,"column":59}},"50":{"start":{"line":136,"column":23},"end":{"line":136,"column":55}},"51":{"start":{"line":136,"column":39},"end":{"line":136,"column":54}},"52":{"start":{"line":138,"column":4},"end":{"line":140,"column":5}},"53":{"start":{"line":139,"column":6},"end":{"line":139,"column":24}},"54":{"start":{"line":142,"column":4},"end":{"line":144,"column":5}},"55":{"start":{"line":143,"column":6},"end":{"line":143,"column":37}},"56":{"start":{"line":146,"column":4},"end":{"line":146,"column":16}},"57":{"start":{"line":153,"column":23},"end":{"line":153,"column":42}},"58":{"start":{"line":154,"column":4},"end":{"line":156,"column":5}},"59":{"start":{"line":155,"column":6},"end":{"line":155,"column":35}},"60":{"start":{"line":157,"column":4},"end":{"line":159,"column":5}},"61":{"start":{"line":158,"column":6},"end":{"line":158,"column":19}},"62":{"start":{"line":160,"column":4},"end":{"line":160,"column":16}},"63":{"start":{"line":167,"column":14},"end":{"line":167,"column":67}},"64":{"start":{"line":168,"column":4},"end":{"line":168,"column":27}},"65":{"start":{"line":168,"column":18},"end":{"line":168,"column":27}},"66":{"start":{"line":169,"column":4},"end":{"line":169,"column":83}},"67":{"start":{"line":176,"column":4},"end":{"line":176,"column":49}},"68":{"start":{"line":183,"column":4},"end":{"line":192,"column":6}},"69":{"start":{"line":196,"column":0},"end":{"line":196,"column":36}}},"fnMap":{"0":{"name":"(anonymous_0)","decl":{"start":{"line":10,"column":2},"end":{"line":10,"column":3}},"loc":{"start":{"line":10,"column":16},"end":{"line":12,"column":3}},"line":10},"1":{"name":"(anonymous_1)","decl":{"start":{"line":17,"column":2},"end":{"line":17,"column":3}},"loc":{"start":{"line":17,"column":17},"end":{"line":40,"column":3}},"line":17},"2":{"name":"(anonymous_2)","decl":{"start":{"line":45,"column":2},"end":{"line":45,"column":3}},"loc":{"start":{"line":45,"column":17},"end":{"line":56,"column":3}},"line":45},"3":{"name":"(anonymous_3)","decl":{"start":{"line":47,"column":23},"end":{"line":47,"column":24}},"loc":{"start":{"line":47,"column":28},"end":{"line":47,"column":44}},"line":47},"4":{"name":"(anonymous_4)","decl":{"start":{"line":50,"column":34},"end":{"line":50,"column":35}},"loc":{"start":{"line":50,"column":39},"end":{"line":50,"column":47}},"line":50},"5":{"name":"(anonymous_5)","decl":{"start":{"line":61,"column":2},"end":{"line":61,"column":3}},"loc":{"start":{"line":61,"column":27},"end":{"line":73,"column":3}},"line":61},"6":{"name":"(anonymous_6)","decl":{"start":{"line":78,"column":2},"end":{"line":78,"column":3}},"loc":{"start":{"line":78,"column":22},"end":{"line":90,"column":3}},"line":78},"7":{"name":"(anonymous_7)","decl":{"start":{"line":95,"column":2},"end":{"line":95,"column":3}},"loc":{"start":{"line":95,"column":35},"end":{"line":106,"column":3}},"line":95},"8":{"name":"(anonymous_8)","decl":{"start":{"line":96,"column":37},"end":{"line":96,"column":38}},"loc":{"start":{"line":96,"column":42},"end":{"line":96,"column":50}},"line":96},"9":{"name":"(anonymous_9)","decl":{"start":{"line":111,"column":2},"end":{"line":111,"column":3}},"loc":{"start":{"line":111,"column":39},"end":{"line":125,"column":3}},"line":111},"10":{"name":"(anonymous_10)","decl":{"start":{"line":130,"column":2},"end":{"line":130,"column":3}},"loc":{"start":{"line":130,"column":33},"end":{"line":147,"column":3}},"line":130},"11":{"name":"(anonymous_11)","decl":{"start":{"line":135,"column":46},"end":{"line":135,"column":47}},"loc":{"start":{"line":135,"column":51},"end":{"line":135,"column":59}},"line":135},"12":{"name":"(anonymous_12)","decl":{"start":{"line":136,"column":34},"end":{"line":136,"column":35}},"loc":{"start":{"line":136,"column":39},"end":{"line":136,"column":54}},"line":136},"13":{"name":"(anonymous_13)","decl":{"start":{"line":152,"column":2},"end":{"line":152,"column":3}},"loc":{"start":{"line":152,"column":33},"end":{"line":161,"column":3}},"line":152},"14":{"name":"(anonymous_14)","decl":{"start":{"line":166,"column":2},"end":{"line":166,"column":3}},"loc":{"start":{"line":166,"column":29},"end":{"line":170,"column":3}},"line":166},"15":{"name":"(anonymous_15)","decl":{"start":{"line":175,"column":2},"end":{"line":175,"column":3}},"loc":{"start":{"line":175,"column":26},"end":{"line":177,"column":3}},"line":175},"16":{"name":"(anonymous_16)","decl":{"start":{"line":182,"column":2},"end":{"line":182,"column":3}},"loc":{"start":{"line":182,"column":42},"end":{"line":193,"column":3}},"line":182}},"branchMap":{"0":{"loc":{"start":{"line":30,"column":4},"end":{"line":32,"column":5}},"type":"if","locations":[{"start":{"line":30,"column":4},"end":{"line":32,"column":5}},{"start":{},"end":{}}],"line":30},"1":{"loc":{"start":{"line":35,"column":4},"end":{"line":37,"column":5}},"type":"if","locations":[{"start":{"line":35,"column":4},"end":{"line":37,"column":5}},{"start":{},"end":{}}],"line":35},"2":{"loc":{"start":{"line":46,"column":4},"end":{"line":48,"column":5}},"type":"if","locations":[{"start":{"line":46,"column":4},"end":{"line":48,"column":5}},{"start":{},"end":{}}],"line":46},"3":{"loc":{"start":{"line":49,"column":4},"end":{"line":51,"column":5}},"type":"if","locations":[{"start":{"line":49,"column":4},"end":{"line":51,"column":5}},{"start":{},"end":{}}],"line":49},"4":{"loc":{"start":{"line":52,"column":4},"end":{"line":54,"column":5}},"type":"if","locations":[{"start":{"line":52,"column":4},"end":{"line":54,"column":5}},{"start":{},"end":{}}],"line":52},"5":{"loc":{"start":{"line":62,"column":4},"end":{"line":62,"column":33}},"type":"if","locations":[{"start":{"line":62,"column":4},"end":{"line":62,"column":33}},{"start":{},"end":{}}],"line":62},"6":{"loc":{"start":{"line":72,"column":11},"end":{"line":72,"column":36}},"type":"binary-expr","locations":[{"start":{"line":72,"column":11},"end":{"line":72,"column":19}},{"start":{"line":72,"column":23},"end":{"line":72,"column":36}}],"line":72},"7":{"loc":{"start":{"line":79,"column":4},"end":{"line":79,"column":33}},"type":"if","locations":[{"start":{"line":79,"column":4},"end":{"line":79,"column":33}},{"start":{},"end":{}}],"line":79},"8":{"loc":{"start":{"line":83,"column":4},"end":{"line":85,"column":5}},"type":"if","locations":[{"start":{"line":83,"column":4},"end":{"line":85,"column":5}},{"start":{},"end":{}}],"line":83},"9":{"loc":{"start":{"line":89,"column":11},"end":{"line":89,"column":81}},"type":"cond-expr","locations":[{"start":{"line":89,"column":58},"end":{"line":89,"column":69}},{"start":{"line":89,"column":72},"end":{"line":89,"column":81}}],"line":89},"10":{"loc":{"start":{"line":99,"column":4},"end":{"line":101,"column":5}},"type":"if","locations":[{"start":{"line":99,"column":4},"end":{"line":101,"column":5}},{"start":{},"end":{}}],"line":99},"11":{"loc":{"start":{"line":99,"column":8},"end":{"line":99,"column":69}},"type":"binary-expr","locations":[{"start":{"line":99,"column":8},"end":{"line":99,"column":24}},{"start":{"line":99,"column":28},"end":{"line":99,"column":69}}],"line":99},"12":{"loc":{"start":{"line":112,"column":4},"end":{"line":114,"column":5}},"type":"if","locations":[{"start":{"line":112,"column":4},"end":{"line":114,"column":5}},{"start":{},"end":{}}],"line":112},"13":{"loc":{"start":{"line":112,"column":8},"end":{"line":112,"column":68}},"type":"binary-expr","locations":[{"start":{"line":112,"column":8},"end":{"line":112,"column":36}},{"start":{"line":112,"column":40},"end":{"line":112,"column":68}}],"line":112},"14":{"loc":{"start":{"line":115,"column":4},"end":{"line":117,"column":5}},"type":"if","locations":[{"start":{"line":115,"column":4},"end":{"line":117,"column":5}},{"start":{},"end":{}}],"line":115},"15":{"loc":{"start":{"line":115,"column":8},"end":{"line":115,"column":66}},"type":"binary-expr","locations":[{"start":{"line":115,"column":8},"end":{"line":115,"column":35}},{"start":{"line":115,"column":39},"end":{"line":115,"column":66}}],"line":115},"16":{"loc":{"start":{"line":118,"column":4},"end":{"line":120,"column":5}},"type":"if","locations":[{"start":{"line":118,"column":4},"end":{"line":120,"column":5}},{"start":{},"end":{}}],"line":118},"17":{"loc":{"start":{"line":118,"column":8},"end":{"line":118,"column":65}},"type":"binary-expr","locations":[{"start":{"line":118,"column":8},"end":{"line":118,"column":34}},{"start":{"line":118,"column":38},"end":{"line":118,"column":65}}],"line":118},"18":{"loc":{"start":{"line":121,"column":4},"end":{"line":123,"column":5}},"type":"if","locations":[{"start":{"line":121,"column":4},"end":{"line":123,"column":5}},{"start":{},"end":{}}],"line":121},"19":{"loc":{"start":{"line":121,"column":8},"end":{"line":121,"column":63}},"type":"binary-expr","locations":[{"start":{"line":121,"column":8},"end":{"line":121,"column":33}},{"start":{"line":121,"column":37},"end":{"line":121,"column":63}}],"line":121},"20":{"loc":{"start":{"line":131,"column":4},"end":{"line":133,"column":5}},"type":"if","locations":[{"start":{"line":131,"column":4},"end":{"line":133,"column":5}},{"start":{},"end":{}}],"line":131},"21":{"loc":{"start":{"line":131,"column":8},"end":{"line":131,"column":71}},"type":"binary-expr","locations":[{"start":{"line":131,"column":8},"end":{"line":131,"column":40}},{"start":{"line":131,"column":44},"end":{"line":131,"column":71}}],"line":131},"22":{"loc":{"start":{"line":138,"column":4},"end":{"line":140,"column":5}},"type":"if","locations":[{"start":{"line":138,"column":4},"end":{"line":140,"column":5}},{"start":{},"end":{}}],"line":138},"23":{"loc":{"start":{"line":142,"column":4},"end":{"line":144,"column":5}},"type":"if","locations":[{"start":{"line":142,"column":4},"end":{"line":144,"column":5}},{"start":{},"end":{}}],"line":142},"24":{"loc":{"start":{"line":154,"column":4},"end":{"line":156,"column":5}},"type":"if","locations":[{"start":{"line":154,"column":4},"end":{"line":156,"column":5}},{"start":{},"end":{}}],"line":154},"25":{"loc":{"start":{"line":157,"column":4},"end":{"line":159,"column":5}},"type":"if","locations":[{"start":{"line":157,"column":4},"end":{"line":159,"column":5}},{"start":{},"end":{}}],"line":157},"26":{"loc":{"start":{"line":157,"column":8},"end":{"line":157,"column":42}},"type":"binary-expr","locations":[{"start":{"line":157,"column":8},"end":{"line":157,"column":33}},{"start":{"line":157,"column":37},"end":{"line":157,"column":42}}],"line":157},"27":{"loc":{"start":{"line":167,"column":14},"end":{"line":167,"column":67}},"type":"cond-expr","locations":[{"start":{"line":167,"column":42},"end":{"line":167,"column":47}},{"start":{"line":167,"column":50},"end":{"line":167,"column":67}}],"line":167},"28":{"loc":{"start":{"line":168,"column":4},"end":{"line":168,"column":27}},"type":"if","locations":[{"start":{"line":168,"column":4},"end":{"line":168,"column":27}},{"start":{},"end":{}}],"line":168},"29":{"loc":{"start":{"line":176,"column":11},"end":{"line":176,"column":48}},"type":"binary-expr","locations":[{"start":{"line":176,"column":12},"end":{"line":176,"column":17}},{"start":{"line":176,"column":21},"end":{"line":176,"column":41}},{"start":{"line":176,"column":46},"end":{"line":176,"column":48}}],"line":176},"30":{"loc":{"start":{"line":187,"column":10},"end":{"line":187,"column":73}},"type":"cond-expr","locations":[{"start":{"line":187,"column":33},"end":{"line":187,"column":68}},{"start":{"line":187,"column":71},"end":{"line":187,"column":73}}],"line":187},"31":{"loc":{"start":{"line":190,"column":18},"end":{"line":190,"column":44}},"type":"binary-expr","locations":[{"start":{"line":190,"column":18},"end":{"line":190,"column":39}},{"start":{"line":190,"column":43},"end":{"line":190,"column":44}}],"line":190},"32":{"loc":{"start":{"line":191,"column":15},"end":{"line":191,"column":79}},"type":"binary-expr","locations":[{"start":{"line":191,"column":15},"end":{"line":191,"column":33}},{"start":{"line":191,"column":37},"end":{"line":191,"column":79}}],"line":191}},"s":{"0":1,"1":1,"2":0,"3":0,"4":0,"5":0,"6":0,"7":0,"8":0,"9":0,"10":0,"11":0,"12":0,"13":0,"14":0,"15":0,"16":0,"17":0,"18":0,"19":0,"20":0,"21":0,"22":0,"23":0,"24":0,"25":0,"26":0,"27":0,"28":0,"29":0,"30":0,"31":0,"32":0,"33":0,"34":0,"35":0,"36":0,"37":0,"38":0,"39":0,"40":0,"41":0,"42":0,"43":0,"44":0,"45":0,"46":0,"47":0,"48":0,"49":0,"50":0,"51":0,"52":0,"53":0,"54":0,"55":0,"56":0,"57":0,"58":0,"59":0,"60":0,"61":0,"62":0,"63":0,"64":0,"65":0,"66":0,"67":0,"68":0,"69":1},"f":{"0":0,"1":0,"2":0,"3":0,"4":0,"5":0,"6":0,"7":0,"8":0,"9":0,"10":0,"11":0,"12":0,"13":0,"14":0,"15":0,"16":0},"b":{"0":[0,0],"1":[0,0],"2":[0,0],"3":[0,0],"4":[0,0],"5":[0,0],"6":[0,0],"7":[0,0],"8":[0,0],"9":[0,0],"10":[0,0],"11":[0,0],"12":[0,0],"13":[0,0],"14":[0,0],"15":[0,0],"16":[0,0],"17":[0,0],"18":[0,0],"19":[0,0],"20":[0,0],"21":[0,0],"22":[0,0],"23":[0,0],"24":[0,0],"25":[0,0],"26":[0,0],"27":[0,0],"28":[0,0],"29":[0,0,0],"30":[0,0],"31":[0,0],"32":[0,0]},"_coverageSchema":"1a1c01bbd47fc00a2c39e90264f33305004495a9","hash":"3929f3abf1e3507b37458bec089a8c56fc5657e1"}
,"C:\\Users\\grego\\Desktop\\DevOps Insurance\\backend\\services\\ai\\AnalysisValidator.js": {"path":"C:\\Users\\grego\\Desktop\\DevOps Insurance\\backend\\services\\ai\\AnalysisValidator.js","statementMap":{"0":{"start":{"line":6,"column":23},"end":{"line":6,"column":56}},"1":{"start":{"line":13,"column":4},"end":{"line":15,"column":45}},"2":{"start":{"line":22,"column":27},"end":{"line":22,"column":64}},"3":{"start":{"line":23,"column":4},"end":{"line":25,"column":6}},"4":{"start":{"line":24,"column":6},"end":{"line":24,"column":36}},"5":{"start":{"line":32,"column":4},"end":{"line":32,"column":62}},"6":{"start":{"line":39,"column":4},"end":{"line":41,"column":52}},"7":{"start":{"line":45,"column":0},"end":{"line":45,"column":35}}},"fnMap":{"0":{"name":"(anonymous_0)","decl":{"start":{"line":12,"column":2},"end":{"line":12,"column":3}},"loc":{"start":{"line":12,"column":21},"end":{"line":16,"column":3}},"line":12},"1":{"name":"(anonymous_1)","decl":{"start":{"line":21,"column":2},"end":{"line":21,"column":3}},"loc":{"start":{"line":21,"column":30},"end":{"line":26,"column":3}},"line":21},"2":{"name":"(anonymous_2)","decl":{"start":{"line":23,"column":32},"end":{"line":23,"column":33}},"loc":{"start":{"line":24,"column":6},"end":{"line":24,"column":36}},"line":24},"3":{"name":"(anonymous_3)","decl":{"start":{"line":31,"column":2},"end":{"line":31,"column":3}},"loc":{"start":{"line":31,"column":29},"end":{"line":33,"column":3}},"line":31},"4":{"name":"(anonymous_4)","decl":{"start":{"line":38,"column":2},"end":{"line":38,"column":3}},"loc":{"start":{"line":38,"column":31},"end":{"line":42,"column":3}},"line":38}},"branchMap":{"0":{"loc":{"start":{"line":13,"column":11},"end":{"line":15,"column":44}},"type":"binary-expr","locations":[{"start":{"line":13,"column":11},"end":{"line":13,"column":43}},{"start":{"line":14,"column":11},"end":{"line":14,"column":42}},{"start":{"line":15,"column":11},"end":{"line":15,"column":44}}],"line":13},"1":{"loc":{"start":{"line":39,"column":11},"end":{"line":41,"column":51}},"type":"binary-expr","locations":[{"start":{"line":39,"column":11},"end":{"line":39,"column":50}},{"start":{"line":40,"column":11},"end":{"line":40,"column":51}},{"start":{"line":41,"column":11},"end":{"line":41,"column":51}}],"line":39}},"s":{"0":1,"1":0,"2":0,"3":0,"4":0,"5":0,"6":0,"7":1},"f":{"0":0,"1":0,"2":0,"3":0,"4":0},"b":{"0":[0,0,0],"1":[0,0,0]},"_coverageSchema":"1a1c01bbd47fc00a2c39e90264f33305004495a9","hash":"1ce0666fb95423deffecbd7e21efee0b168b3315"}
,"C:\\Users\\grego\\Desktop\\DevOps Insurance\\backend\\services\\ai\\JsonExtractor.js": {"path":"C:\\Users\\grego\\Desktop\\DevOps Insurance\\backend\\services\\ai\\JsonExtractor.js","statementMap":{"0":{"start":{"line":11,"column":4},"end":{"line":11,"column":25}},"1":{"start":{"line":11,"column":15},"end":{"line":11,"column":25}},"2":{"start":{"line":13,"column":16},"end":{"line":13,"column":28}},"3":{"start":{"line":16,"column":23},"end":{"line":16,"column":54}},"4":{"start":{"line":17,"column":4},"end":{"line":17,"column":38}},"5":{"start":{"line":17,"column":20},"end":{"line":17,"column":38}},"6":{"start":{"line":20,"column":23},"end":{"line":20,"column":50}},"7":{"start":{"line":21,"column":4},"end":{"line":21,"column":38}},"8":{"start":{"line":21,"column":20},"end":{"line":21,"column":38}},"9":{"start":{"line":24,"column":4},"end":{"line":24,"column":28}},"10":{"start":{"line":31,"column":23},"end":{"line":31,"column":54}},"11":{"start":{"line":32,"column":23},"end":{"line":32,"column":44}},"12":{"start":{"line":33,"column":4},"end":{"line":40,"column":5}},"13":{"start":{"line":34,"column":21},"end":{"line":34,"column":41}},"14":{"start":{"line":35,"column":6},"end":{"line":39,"column":7}},"15":{"start":{"line":36,"column":8},"end":{"line":36,"column":34}},"16":{"start":{"line":38,"column":8},"end":{"line":38,"column":20}},"17":{"start":{"line":41,"column":4},"end":{"line":41,"column":16}},"18":{"start":{"line":48,"column":21},"end":{"line":48,"column":34}},"19":{"start":{"line":49,"column":21},"end":{"line":49,"column":40}},"20":{"start":{"line":50,"column":4},"end":{"line":56,"column":5}},"21":{"start":{"line":51,"column":6},"end":{"line":55,"column":7}},"22":{"start":{"line":52,"column":8},"end":{"line":52,"column":39}},"23":{"start":{"line":54,"column":8},"end":{"line":54,"column":20}},"24":{"start":{"line":57,"column":4},"end":{"line":57,"column":16}},"25":{"start":{"line":61,"column":0},"end":{"line":61,"column":31}}},"fnMap":{"0":{"name":"(anonymous_0)","decl":{"start":{"line":10,"column":2},"end":{"line":10,"column":3}},"loc":{"start":{"line":10,"column":16},"end":{"line":25,"column":3}},"line":10},"1":{"name":"(anonymous_1)","decl":{"start":{"line":30,"column":2},"end":{"line":30,"column":3}},"loc":{"start":{"line":30,"column":29},"end":{"line":42,"column":3}},"line":30},"2":{"name":"(anonymous_2)","decl":{"start":{"line":47,"column":2},"end":{"line":47,"column":3}},"loc":{"start":{"line":47,"column":25},"end":{"line":58,"column":3}},"line":47}},"branchMap":{"0":{"loc":{"start":{"line":11,"column":4},"end":{"line":11,"column":25}},"type":"if","locations":[{"start":{"line":11,"column":4},"end":{"line":11,"column":25}},{"start":{},"end":{}}],"line":11},"1":{"loc":{"start":{"line":17,"column":4},"end":{"line":17,"column":38}},"type":"if","locations":[{"start":{"line":17,"column":4},"end":{"line":17,"column":38}},{"start":{},"end":{}}],"line":17},"2":{"loc":{"start":{"line":21,"column":4},"end":{"line":21,"column":38}},"type":"if","locations":[{"start":{"line":21,"column":4},"end":{"line":21,"column":38}},{"star
[...]
,"C:\\Users\\grego\\Desktop\\DevOps Insurance\\backend\\utils\\claimHelper.js": {"path":"C:\\Users\\grego\\Desktop\\DevOps Insurance\\backend\\utils\\claimHelper.js","statementMap":{"0":{"start":{"line":6,"column":19},"end":{"line":6,"column":49}},"1":{"start":{"line":12,"column":2},"end":{"line":14,"column":3}},"2":{"start":{"line":13,"column":4},"end":{"line":13,"column":21}},"3":{"start":{"line":16,"column":23},"end":{"line":16,"column":55}},"4":{"start":{"line":17,"column":2},"end":{"line":19,"column":3}},"5":{"start":{"line":18,"column":4},"end":{"line":18,"column":24}},"6":{"start":{"line":22,"column":19},"end":{"line":22,"column":47}},"7":{"start":{"line":23,"column":28},"end":{"line":29,"column":3}},"8":{"start":{"line":31,"column":2},"end":{"line":31,"column":50}},"9":{"start":{"line":38,"column":2},"end":{"line":40,"column":3}},"10":{"start":{"line":39,"column":4},"end":{"line":39,"column":20}},"11":{"start":{"line":42,"column":25},"end":{"line":42,"column":59}},"12":{"start":{"line":43,"column":2},"end":{"line":45,"column":3}},"13":{"start":{"line":44,"column":4},"end":{"line":44,"column":18}},"14":{"start":{"line":47,"column":19},"end":{"line":47,"column":47}},"15":{"start":{"line":48,"column":32},"end":{"line":54,"column":3}},"16":{"start":{"line":56,"column":2},"end":{"line":56,"column":53}},"17":{"start":{"line":59,"column":0},"end":{"line":62,"column":2}}},"fnMap":{"0":{"name":"calculateEstimatedCost","decl":{"start":{"line":11,"column":9},"end":{"line":11,"column":31}},"loc":{"start":{"line":11,"column":44},"end":{"line":32,"column":1}},"line":11},"1":{"name":"calculatePriority","decl":{"start":{"line":37,"column":9},"end":{"line":37,"column":26}},"loc":{"start":{"line":37,"column":39},"end":{"line":57,"column":1}},"line":37}},"branchMap":{"0":{"loc":{"start":{"line":12,"column":2},"end":{"line":14,"column":3}},"type":"if","locations":[{"start":{"line":12,"column":2},"end":{"line":14,"column":3}},{"start":{},"end":{}}],"line":12},"1":{"loc":{"start":{"line":12,"column":6},"end":{"line":12,"column":41}},"type":"binary-expr","locations":[{"start":{"line":12,"column":6},"end":{"line":12,"column":17}},{"start":{"line":12,"column":21},"end":{"line":12,"column":41}}],"line":12},"2":{"loc":{"start":{"line":17,"column":2},"end":{"line":19,"column":3}},"type":"if","locations":[{"start":{"line":17,"column":2},"end":{"line":19,"column":3}},{"start":{},"end":{}}],"line":17},"3":{"loc":{"start":{"line":31,"column":9},"end":{"line":31,"column":49}},"type":"binary-expr","locations":[{"start":{"line":31,"column":9},"end":{"line":31,"column":36}},{"start":{"line":31,"column":40},"end":{"line":31,"column":49}}],"line":31},"4":{"loc":{"start":{"line":38,"column":2},"end":{"line":40,"column":3}},"type":"if","locations":[{"start":{"line":38,"column":2},"end":{"line":40,"column":3}},{"start":{},"end":{}}],"line":38},"5":{"loc":{"start":{"line":38,"column":6},"end":{"line":38,"column":41}},"type":"binary-expr","locations":[{"start":{"line":38,"column":6},"end":{"line":38,"column":17}},{"start":{"line":38,"column":21},"end":{"line":38,"column":41}}],"line":38},"6":{"loc":{"start":{"line":43,"column":2},"end":{"line":45,"column":3}},"type":"if","locations":[{"start":{"line":43,"column":2},"end":{"line":45,"column":3}},{"start":{},"end":{}}],"line":43},"7":{"loc":{"start":{"line":43,"column":6},"end":{"line":43,"column":71}},"type":"binary-expr","locations":[{"start":{"line":43,"column":6},"end":{"line":43,"column":20}},{"start":{"line":43,"column":24},"end":{"line":43,"column":71}}],"line":43},"8":{"loc":{"start":{"line":56,"column":9},"end":{"line":56,"column":52}},"type":"binary-expr","locations":[{"start":{"line":56,"column":9},"end":{"line":56,"column":40}},{"start":{"line":56,"column":44},"end":{"line":56,"column":52}}],"line":56}},"s":{"0":0,"1":0,"2":0,"3":0,"4":0,"5":0,"6":0,"7":0,"8":0,"9":0,"10":0,"11":0,"12":0,"13":0,"14":0,"15":0,"16":0,"17":0},"f":{"0":0,"1":0},"b":{"0":[0,0],"1":[0,0],"2":[0,0],"3":[0,0],"4":[0,0],"5":[0,0],"6":[0,0],"7":[0,0],"8":[0,0]}}
,"C:\\Users\\grego\\Desktop\\DevOps Insurance\\backend\\utils\\fileHelper.js": {"path":"C:\\Users\\grego\\Desktop\\DevOps Insurance\\backend\\utils\\fileHelper.js","statementMap":{"0":{"start":{"line":5,"column":13},"end":{"line":5,"column":28}},"1":{"start":{"line":6,"column":11},"end":{"line":6,"column":24}},"2":{"start":{"line":7,"column":23},"end":{"line":7,"column":53}},"3":{"start":{"line":12,"column":20},"end":{"line":15,"column":1}},"4":{"start":{"line":13,"column":14},"end":{"line":13,"column":50}},"5":{"start":{"line":14,"column":2},"end":{"line":14,"column":41}},"6":{"start":{"line":20,"column":21},"end":{"line":22,"column":1}},"7":{"start":{"line":21,"column":2},"end":{"line":21,"column":44}},"8":{"start":{"line":27,"column":20},"end":{"line":29,"column":1}},"9":{"start":{"line":28,"column":2},"end":{"line":28,"column":45}},"10":{"start":{"line":34,"column":31},"end":{"line":36,"column":1}},"11":{"start":{"line":35,"column":2},"end":{"line":35,"column":38}},"12":{"start":{"line":41,"column":30},"end":{"line":45,"column":1}},"13":{"start":{"line":42,"column":2},"end":{"line":44,"column":3}},"14":{"start":{"line":43,"column":4},"end":{"line":43,"column":47}},"15":{"start":{"line":47,"column":0},"end":{"line":53,"column":2}}},"fnMap":{"0":{"name":"(anonymous_0)","decl":{"start":{"line":12,"column":20},"end":{"line":12,"column":21}},"loc":{"start":{"line":12,"column":34},"end":{"line":15,"column":1}},"line":12},"1":{"name":"(anonymous_1)","decl":{"start":{"line":20,"column":21},"end":{"line":20,"column":22}},"loc":{"start":{"line":20,"column":27},"end":{"line":22,"column":1}},"line":20},"2":{"name":"(anonymous_2)","decl":{"start":{"line":27,"column":20},"end":{"line":27,"column":21}},"loc":{"start":{"line":27,"column":34},"end":{"line":29,"column":1}},"line":27},"3":{"name":"(anonymous_3)","decl":{"start":{"line":34,"column":31},"end":{"line":34,"column":32}},"loc":{"start":{"line":34,"column":40},"end":{"line":36,"column":1}},"line":34},"4":{"name":"(anonymous_4)","decl":{"start":{"line":41,"column":30},"end":{"line":41,"column":31}},"loc":{"start":{"line":41,"column":43},"end":{"line":45,"column":1}},"line":41}},"branchMap":{"0":{"loc":{"start":{"line":14,"column":9},"end":{"line":14,"column":40}},"type":"binary-expr","locations":[{"start":{"line":14,"column":9},"end":{"line":14,"column":24}},{"start":{"line":14,"column":28},"end":{"line":14,"column":40}}],"line":14},"1":{"loc":{"start":{"line":42,"column":2},"end":{"line":44,"column":3}},"type":"if","locations":[{"start":{"line":42,"column":2},"end":{"line":44,"column":3}},{"start":{},"end":{}}],"line":42}},"s":{"0":1,"1":1,"2":1,"3":1,"4":0,"5":0,"6":1,"7":0,"8":1,"9":0,"10":1,"11":0,"12":1,"13":0,"14":0,"15":1},"f":{"0":0,"1":0,"2":0,"3":0,"4":0},"b":{"0":[0,0],"1":[0,0]},"_coverageSchema":"1a1c01bbd47fc00a2c39e90264f33305004495a9","hash":"847575e751e2ff5701c0086c929456d756171c3e"}
,"C:\\Users\\grego\\Desktop\\DevOps Insurance\\backend\\utils\\fileStorage.js": {"path":"C:\\Users\\grego\\Desktop\\DevOps Insurance\\backend\\utils\\fileStorage.js","statementMap":{"0":{"start":{"line":1,"column":11},"end":{"line":1,"column":24}},"1":{"start":{"line":2,"column":13},"end":{"line":2,"column":28}},"2":{"start":{"line":5,"column":16},"end":{"line":5,"column":47}},"3":{"start":{"line":6,"column":0},"end":{"line":8,"column":1}},"4":{"start":{"line":7,"column":2},"end":{"line":7,"column":45}},"5":{"start":{"line":11,"column":19},"end":{"line":11,"column":53}},"6":{"start":{"line":12,"column":0},"end":{"line":14,"column":1}},"7":{"start":{"line":13,"column":2},"end":{"line":13,"column":48}},"8":{"start":{"line":18,"column":4},"end":{"line":18,"column":49}},"9":{"start":{"line":19,"column":4},"end":{"line":19,"column":28}},"10":{"start":{"line":23,"column":4},"end":{"line":25,"column":5}},"11":{"start":{"line":24,"column":6},"end":{"line":24,"column":67}},"12":{"start":{"line":29,"column":4},"end":{"line":35,"column":5}},"13":{"start":{"line":30,"column":19},"end":{"line":30,"column":57}},"14":{"start":{"line":31,"column":6},"end":{"line":31,"column":30}},"15":{"start":{"line":33,"column":6},"end":{"line":33,"column":62}},"16":{"start":{"line":34,"column":6},"end":{"line":34,"column":16}},"17":{"start":{"line":39,"column":4},"end":{"line":45,"column":5}},"18":{"start":{"line":40,"column":6},"end":{"line":40,"column":69}},"19":{"start":{"line":41,"column":6},"end":{"line":41,"column":18}},"20":{"start":{"line":43,"column":6},"end":{"line":43,"column":62}},"21":{"start":{"line":44,"column":6},"end":{"line":44,"column":19}},"22":{"start":{"line":49,"column":17},"end":{"line":49,"column":28}},"23":{"start":{"line":50,"column":4},"end":{"line":50,"column":20}},"24":{"start":{"line":51,"column":4},"end":{"line":51,"column":28}},"25":{"start":{"line":55,"column":17},"end":{"line":55,"column":28}},"26":{"start":{"line":56,"column":18},"end":{"line":56,"column":56}},"27":{"start":{"line":56,"column":41},"end":{"line":56,"column":55}},"28":{"start":{"line":58,"column":4},"end":{"line":61,"column":5}},"29":{"start":{"line":59,"column":6},"end":{"line":59,"column":55}},"30":{"start":{"line":60,"column":6},"end":{"line":60,"column":30}},"31":{"start":{"line":63,"column":4},"end":{"line":63,"column":17}},"32":{"start":{"line":67,"column":17},"end":{"line":67,"column":28}},"33":{"start":{"line":68,"column":4},"end":{"line":68,"column":45}},"34":{"start":{"line":68,"column":29},"end":{"line":68,"column":43}},"35":{"start":{"line":72,"column":17},"end":{"line":72,"column":28}},"36":{"start":{"line":73,"column":4},"end":{"line":73,"column":51}},"37":{"start":{"line":73,"column":29},"end":{"line":73,"column":49}},"38":{"start":{"line":77,"column":17},"end":{"line":77,"column":28}},"39":{"start":{"line":78,"column":25},"end":{"line":78,"column":60}},"40":{"start":{"line":78,"column":45},"end":{"line":78,"column":59}},"41":{"start":{"line":80,"column":4},"end":{"line":82,"column":5}},"42":{"start":{"line":81,"column":6},"end":{"line":81,"column":38}},"43":{"start":{"line":84,"column":4},"end":{"line":84,"column":17}},"44":{"start":{"line":88,"column":0},"end":{"line":88,"column":29}}},"fnMap":{"0":{"name":"(anonymous_0)","decl":{"start":{"line":17,"column":2},"end":{"line":17,"column":3}},"loc":{"start":{"line":17,"column":24},"end":{"line":20,"column":3}},"line":17},"1":{"name":"(anonymous_1)","decl":{"start":{"line":22,"column":2},"end":{"line":22,"column":3}},"loc":{"start":{"line":22,"column":21},"end":{"line":26,"column":3}},"line":22},"2":{"name":"(anonymous_2)","decl":{"start":{"line":28,"column":2},"end":{"line":28,"column":3}},"loc":{"start":{"line":28,"column":9},"end":{"line":36,"column":3}},"line":28},"3":{"name":"(anonymous_3)","decl":{"start":{"line":38,"column":2},"end":{"line":38,"column":3}},"loc":{"start":{"line":38,"column":14},"end":{"line":46,"column":3}},"line":38},"4":{"name":"(anonymous_4)","decl":{"start":{"line":48,"column":2},"end":{"line":48,"column":3}},"loc":{"start":{"line":48,"column":15},"end":{"line":52,"column":3}},"line":48},"5":{"name":"(anonymous_5)","decl":{"start":{"line":54,"column":2},"end":{"line":54,"column":3}},"loc":{"start":{"line":54,"column":26},"end":{"line":64,"column":3}},"line":54},"6":{"name":"(anonymous_6)","decl":{"start":{"line":56,"column":33},"end":{"line":56,"column":34}},"loc":{"start":{"line":56,"column":41},"end":{"line":56,"column":55}},"line":56},"7":{"name":"(anonymous_7)","decl":{"start":{"line":66,"column":2},"end":{"line":66,"column":3}},"loc":{"start":{"line":66,"column":15},"end":{"line":69,"column":3}},"line":66},"8":{"name":"(anonymous_8)","decl":{"start":{"line":68,"column":21},"end":{"line":68,"column":22}},"loc":{"start":{"line":68,"column":29},"end":{"line":68,"column":43}},"line":68},"9":{"name":"(anonymous_9)","decl":{"start":{"line":71,"column":2},"end":{"line":71,"column":3}},"loc":{"start":{"line":71,"column":21},"end":{"line":74,"column":3}},"line":71},"10":{"name":"(anonymous_10)","decl":{"start":{"line":73,"column":21},"end":{"line":73,"column":22}},"loc":{"start":{"line":73,"column":29},"end":{"line":73,"column":49}},"line":73},"11":{"name":"(anonymous_11)","decl":{"start":{"line":76,"column":2},"end":{"line":76,"column":3}},"loc":{"start":{"line":76,"column":13},"end":{"line":85,"column":3}},"line":76},"12":{"name":"(anonymous_12)","decl":{"start":{"line":78,"column":37},"end":{"line":78,"column":38}},"loc":{"start":{"line":78,"column":45},"end":{"line":78,"column":59}},"line":78}},"branchMap":{"0":{"loc":{"start":{"line":6,"column":0},"end":{"line":8,"column":1}},"type":"if","locations":[{"start":{"line":6,"column":0},"end":{"line":8,"column":1}},{"start":{},"end":{}}],"line":6},"1":{"loc":{"start":{"line":12,"column":0},"end":{"line":14,"column":1}},"type":"if","locations":[{"start":{"line":12,"column":0},"end":{"line":14,"column":1}},{"start":{},"end":{}}],"line":12},"2":{"loc":{"start":{"line":23,"column":4},"end":{"line":25,"column":5}},"type":"if","locations":[{"start":{"line":23,"column":4},"end":{"line":25,"column":5}},{"start":{},"end":{}}],"line":23},"3":{"loc":{"start":{"line":58,"column":4},"end":{"line":61,"column":5}},"type":"if","locations":[{"start":{"line":58,"column":4},"end":{"line":61,"column":5}},{"start":{},"end":{}}],"line":58},"4":{"loc":{"start":{"line":80,"column":4},"end":{"line":82,"column":5}},"type":"if","locations":[{"start":{"line":80,"column":4},"end":{"line":82,"column":5}},{"start":{},"end":{}}],"line":80}},"s":{"0":0,"1":0,"2":0,"3":0,"4":0,"5":0,"6":0,"7":0,"8":0,"9":0,"10":0,"11":0,"12":0,"13":0,"14":0,"15":0,"16":0,"17":0,"18":0,"19":0,"20":0,"21":0,"22":0,"23":0,"24":0,"25":0,"26":0,"27":0,"28":0,"29":0,"30":0,"31":0,"32":0,"33":0,"34":0,"35":0,"36":0,"37":0,"38":0,"39":0,"40":0,"41":0,"42":0,"43":0,"44":0},"f":{"0":0,"1":0,"2":0,"3":0,"4":0,"5":0,"6":0,"7":0,"8":0,"9":0,"10":0,"11":0,"12":0},"b":{"0":[0,0],"1":[0,0],"2":[0,0],"3":[0,0],"4":[0,0]}}
,"C:\\Users\\grego\\Desktop\\DevOps Insurance\\backend\\utils\\responseHelper.js": {"path":"C:\\Users\\grego\\Desktop\\DevOps Insurance\\backend\\utils\\responseHelper.js","statementMap":{"0":{"start":{"line":8,"column":24},"end":{"line":18,"column":1}},"1":{"start":{"line":9,"column":19},"end":{"line":9,"column":30}},"2":{"start":{"line":10,"column":2},"end":{"line":16,"column":3}},"3":{"start":{"line":11,"column":4},"end":{"line":15,"column":5}},"4":{"start":{"line":12,"column":6},"end":{"line":12,"column":60}},"5":{"start":{"line":14,"column":6},"end":{"line":14,"column":36}},"6":{"start":{"line":17,"column":2},"end":{"line":17,"column":47}},"7":{"start":{"line":23,"column":22},"end":{"line":29,"column":1}},"8":{"start":{"line":24,"column":19},"end":{"line":24,"column":28}},"9":{"start":{"line":25,"column":2},"end":{"line":27,"column":3}},"10":{"start":{"line":26,"column":4},"end":{"line":26,"column":31}},"11":{"start":{"line":28,"column":2},"end":{"line":28,"column":47}},"12":{"start":{"line":34,"column":23},"end":{"line":38,"column":1}},"13":{"start":{"line":35,"column":2},"end":{"line":35,"column":25}},"14":{"start":{"line":35,"column":13},"end":{"line":35,"column":25}},"15":{"start":{"line":36,"column":47},"end":{"line":36,"column":51}},"16":{"start":{"line":37,"column":2},"end":{"line":37,"column":29}},"17":{"start":{"line":40,"column":0},"end":{"line":44,"column":2}}},"fnMap":{"0":{"name":"(anonymous_0)","decl":{"start":{"line":8,"column":24},"end":{"line":8,"column":25}},"loc":{"start":{"line":8,"column":67},"end":{"line":18,"column":1}},"line":8},"1":{"name":"(anonymous_1)","decl":{"start":{"line":23,"column":22},"end":{"line":23,"column":23}},"loc":{"start":{"line":23,"column":66},"end":{"line":29,"column":1}},"line":23},"2":{"name":"(anonymous_2)","decl":{"start":{"line":34,"column":23},"end":{"line":34,"column":24}},"loc":{"start":{"line":34,"column":33},"end":{"line":38,"column":1}},"line":34}},"branchMap":{"0":{"loc":{"start":{"line":8,"column":51},"end":{"line":8,"column":62}},"type":"default-arg","locations":[{"start":{"line":8,"column":58},"end":{"line":8,"column":62}}],"line":8},"1":{"loc":{"start":{"line":10,"column":2},"end":{"line":16,"column":3}},"type":"if","locations":[{"start":{"line":10,"column":2},"end":{"line":16,"column":3}},{"start":{},"end":{}}],"line":10},"2":{"loc":{"start":{"line":11,"column":4},"end":{"line":15,"column":5}},"type":"if","locations":[{"start":{"line":11,"column":4},"end":{"line":15,"column":5}},{"start":{"line":13,"column":11},"end":{"line":15,"column":5}}],"line":11},"3":{"loc":{"start":{"line":12,"column":15},"end":{"line":12,"column":51}},"type":"cond-expr","locations":[{"start":{"line":12,"column":35},"end":{"line":12,"column":41}},{"start":{"line":12,"column":44},"end":{"line":12,"column":51}}],"line":12},"4":{"loc":{"start":{"line":23,"column":47},"end":{"line":23,"column":61}},"type":"default-arg","locations":[{"start":{"line":23,"column":57},"end":{"line":23,"column":61}}],"line":23},"5":{"loc":{"start":{"line":25,"column":2},"end":{"line":27,"column":3}},"type":"if","locations":[{"start":{"line":25,"column":2},"end":{"line":27,"column":3}},{"start":{},"end":{}}],"line":25},"6":{"loc":{"start":{"line":35,"column":2},"end":{"line":35,"column":25}},"type":"if","locations":[{"start":{"line":35,"column":2},"end":{"line":35,"column":25}},{"start":{},"end":{}}],"line":35}},"s":{"0":0,"1":0,"2":0,"3":0,"4":0,"5":0,"6":0,"7":0,"8":0,"9":0,"10":0,"11":0,"12":0,"13":0,"14":0,"15":0,"16":0,"17":0},"f":{"0":0,"1":0,"2":0},"b":{"0":[0],"1":[0,0],"2":[0,0],"3":[0,0],"4":[0],"5":[0,0],"6":[0,0]}}
,"C:\\Users\\grego\\Desktop\\DevOps Insurance\\backend\\utils\\validationHelper.js": {"path":"C:\\Users\\grego\\Desktop\\DevOps Insurance\\backend\\utils\\validationHelper.js","statementMap":{"0":{"start":{"line":5,"column":29},"end":{"line":5,"column":57}},"1":{"start":{"line":10,"column":31},"end":{"line":19,"column":1}},"2":{"start":{"line":11,"column":17},"end":{"line":11,"column":38}},"3":{"start":{"line":12,"column":2},"end":{"line":17,"column":3}},"4":{"start":{"line":13,"column":4},"end":{"line":16,"column":7}},"5":{"start":{"line":18,"column":2},"end":{"line":18,"column":14}},"6":{"start":{"line":21,"column":0},"end":{"line":23,"column":2}}},"fnMap":{"0":{"name":"(anonymous_0)","decl":{"start":{"line":10,"column":31},"end":{"line":10,"column":32}},"loc":{"start":{"line":10,"column":45},"end":{"line":19,"column":1}},"line":10}},"branchMap":{"0":{"loc":{"start":{"line":12,"column":2},"end":{"line":17,"column":3}},"type":"if","locations":[{"start":{"line":12,"column":2},"end":{"line":17,"column":3}},{"start":{},"end":{}}],"line":12}},"s":{"0":0,"1":0,"2":0,"3":0,"4":0,"5":0,"6":0},"f":{"0":0},"b":{"0":[0,0]}}
}
