{"total": {"lines":{"total":571,"covered":438,"skipped":0,"pct":76.7},"statements":{"total":596,"covered":458,"skipped":0,"pct":76.84},"functions":{"total":116,"covered":96,"skipped":0,"pct":82.75},"branches":{"total":260,"covered":185,"skipped":0,"pct":71.15},"branchesTrue":{"total":0,"covered":0,"skipped":0,"pct":100}}
,"C:\\Users\\grego\\Desktop\\DevOps Insurance\\backend\\config\\constants.js": {"lines":{"total":1,"covered":1,"skipped":0,"pct":100},"functions":{"total":0,"covered":0,"skipped":0,"pct":100},"statements":{"total":1,"covered":1,"skipped":0,"pct":100},"branches":{"total":0,"covered":0,"skipped":0,"pct":100}}
,"C:\\Users\\grego\\Desktop\\DevOps Insurance\\backend\\middleware\\auth.js": {"lines":{"total":19,"covered":19,"skipped":0,"pct":100},"functions":{"total":3,"covered":3,"skipped":0,"pct":100},"statements":{"total":19,"covered":19,"skipped":0,"pct":100},"branches":{"total":8,"covered":8,"skipped":0,"pct":100}}
,"C:\\Users\\grego\\Desktop\\DevOps Insurance\\backend\\middleware\\errorHandler.js": {"lines":{"total":9,"covered":9,"skipped":0,"pct":100},"functions":{"total":2,"covered":2,"skipped":0,"pct":100},"statements":{"total":9,"covered":9,"skipped":0,"pct":100},"branches":{"total":5,"covered":5,"skipped":0,"pct":100}}
,"C:\\Users\\grego\\Desktop\\DevOps Insurance\\backend\\routes\\assessment.js": {"lines":{"total":78,"covered":30,"skipped":0,"pct":38.46},"functions":{"total":6,"covered":1,"skipped":0,"pct":16.66},"statements":{"total":80,"covered":30,"skipped":0,"pct":37.5},"branches":{"total":22,"covered":3,"skipped":0,"pct":13.63}}
,"C:\\Users\\grego\\Desktop\\DevOps Insurance\\backend\\routes\\auth.js": {"lines":{"total":67,"covered":39,"skipped":0,"pct":58.2},"functions":{"total":5,"covered":3,"skipped":0,"pct":60},"statements":{"total":72,"covered":41,"skipped":0,"pct":56.94},"branches":{"total":22,"covered":10,"skipped":0,"pct":45.45}}
,"C:\\Users\\grego\\Desktop\\DevOps Insurance\\backend\\routes\\upload.js": {"lines":{"total":70,"covered":58,"skipped":0,"pct":82.85},"functions":{"total":11,"covered":11,"skipped":0,"pct":100},"statements":{"total":72,"covered":60,"skipped":0,"pct":83.33},"branches":{"total":24,"covered":19,"skipped":0,"pct":79.16}}
,"C:\\Users\\grego\\Desktop\\DevOps Insurance\\backend\\routes\\uuid.js": {"lines":{"total":6,"covered":0,"skipped":0,"pct":0},"functions":{"total":2,"covered":0,"skipped":0,"pct":0},"statements":{"total":6,"covered":0,"skipped":0,"pct":0},"branches":{"total":2,"covered":0,"skipped":0,"pct":0}}
,"C:\\Users\\grego\\Desktop\\DevOps Insurance\\backend\\services\\AssessmentService.js": {"lines":{"total":15,"covered":13,"skipped":0,"pct":86.66},"functions":{"total":7,"covered":5,"skipped":0,"pct":71.42},"statements":{"total":15,"covered":13,"skipped":0,"pct":86.66},"branches":{"total":8,"covered":8,"skipped":0,"pct":100}}
,"C:\\Users\\grego\\Desktop\\DevOps Insurance\\backend\\services\\ClaimService.js": {"lines":{"total":16,"covered":13,"skipped":0,"pct":81.25},"functions":{"total":8,"covered":5,"skipped":0,"pct":62.5},"statements":{"total":16,"covered":13,"skipped":0,"pct":81.25},"branches":{"total":6,"covered":5,"skipped":0,"pct":83.33}}
,"C:\\Users\\grego\\Desktop\\DevOps Insurance\\backend\\services\\UserService.js": {"lines":{"total":24,"covered":24,"skipped":0,"pct":100},"functions":{"total":6,"covered":6,"skipped":0,"pct":100},"statements":{"total":24,"covered":24,"skipped":0,"pct":100},"branches":{"total":10,"covered":10,"skipped":0,"pct":100}}
,"C:\\Users\\grego\\Desktop\\DevOps Insurance\\backend\\services\\aiService.js": {"lines":{"total":25,"covered":24,"skipped":0,"pct":96},"functions":{"total":4,"covered":4,"skipped":0,"pct":100},"statements":{"total":25,"covered":24,"skipped":0,"pct":96},"branches":{"total":8,"covered":7,"skipped":0,"pct":87.5}}
,"C:\\Users\\grego\\Desktop\\DevOps Insurance\\backend\\services\\ai\\AnalysisNormalizer.js": {"lines":{"total":62,"covered":46,"skipped":0,"pct":74.19},"functions":{"total":17,"covered":16,"skipped":0,"pct":94.11},"statements":{"total":70,"covered":54,"skipped":0,"pct":77.14},"branches":{"total":67,"covered":41,"skipped":0,"pct":61.19}}
,"C:\\Users\\grego\\Desktop\\DevOps Insurance\\backend\\services\\ai\\AnalysisValidator.js": {"lines":{"total":8,"covered":8,"skipped":0,"pct":100},"functions":{"total":5,"covered":5,"skipped":0,"pct":100},"statements":{"total":8,"covered":8,"skipped":0,"pct":100},"branches":{"total":6,"covered":6,"skipped":0,"pct":100}}
,"C:\\Users\\grego\\Desktop\\DevOps Insurance\\backend\\services\\ai\\JsonExtractor.js": {"lines":{"total":23,"covered":23,"skipped":0,"pct":100},"functions":{"total":3,"covered":3,"skipped":0,"pct":100},"statements":{"total":26,"covered":26,"skipped":0,"pct":100},"branches":{"total":12,"covered":12,"skipped":0,"pct":100}}
,"C:\\Users\\grego\\Desktop\\DevOps Insurance\\backend\\services\\ai\\providers\\AIProvider.js": {"lines":{"total":3,"covered":1,"skipped":0,"pct":33.33},"functions":{"total":2,"covered":0,"skipped":0,"pct":0},"statements":{"total":3,"covered":1,"skipped":0,"pct":33.33},"branches":{"total":0,"covered":0,"skipped":0,"pct":100}}
,"C:\\Users\\grego\\Desktop\\DevOps Insurance\\backend\\services\\ai\\providers\\BasicProvider.js": {"lines":{"total":20,"covered":8,"skipped":0,"pct":40},"functions":{"total":4,"covered":1,"skipped":0,"pct":25},"statements":{"total":20,"covered":8,"skipped":0,"pct":40},"branches":{"total":6,"covered":0,"skipped":0,"pct":0}}
,"C:\\Users\\grego\\Desktop\\DevOps Insurance\\backend\\services\\ai\\providers\\OpenAIProvider.js": {"lines":{"total":26,"covered":26,"skipped":0,"pct":100},"functions":{"total":7,"covered":7,"skipped":0,"pct":100},"statements":{"total":26,"covered":26,"skipped":0,"pct":100},"branches":{"total":8,"covered":8,"skipped":0,"pct":100}}
,"C:\\Users\\grego\\Desktop\\DevOps Insurance\\backend\\utils\\claimHelper.js": {"lines":{"total":18,"covered":18,"skipped":0,"pct":100},"functions":{"total":2,"covered":2,"skipped":0,"pct":100},"statements":{"total":18,"covered":18,"skipped":0,"pct":100},"branches":{"total":18,"covered":18,"skipped":0,"pct":100}}
,"C:\\Users\\grego\\Desktop\\DevOps Insurance\\backend\\utils\\fileHelper.js": {"lines":{"total":16,"covered":15,"skipped":0,"pct":93.75},"functions":{"total":5,"covered":5,"skipped":0,"pct":100},"statements":{"total":16,"covered":15,"skipped":0,"pct":93.75},"branches":{"total":4,"covered":3,"skipped":0,"pct":75}}
,"C:\\Users\\grego\\Desktop\\DevOps Insurance\\backend\\utils\\fileStorage.js": {"lines":{"total":41,"covered":39,"skipped":0,"pct":95.12},"functions":{"total":13,"covered":13,"skipped":0,"pct":100},"statements":{"total":45,"covered":43,"skipped":0,"pct":95.55},"branches":{"total":10,"covered":8,"skipped":0,"pct":80}}
,"C:\\Users\\grego\\Desktop\\DevOps Insurance\\backend\\utils\\responseHelper.js": {"lines":{"total":17,"covered":17,"skipped":0,"pct":100},"functions":{"total":3,"covered":3,"skipped":0,"pct":100},"statements":{"total":18,"covered":18,"skipped":0,"pct":100},"branches":{"total":12,"covered":12,"skipped":0,"pct":100}}
,"C:\\Users\\grego\\Desktop\\DevOps Insurance\\backend\\utils\\validationHelper.js": {"lines":{"total":7,"covered":7,"skipped":0,"pct":100},"functions":{"total":1,"covered":1,"skipped":0,"pct":100},"statements":{"total":7,"covered":7,"skipped":0,"pct":100},"branches":{"total":2,"covered":2,"skipped":0,"pct":100}}
}
