TN:
SF:config\constants.js
FNF:0
FNH:0
DA:5,16
LF:1
LH:1
BRF:0
BRH:0
end_of_record
TN:
SF:middleware\auth.js
FN:13,(anonymous_0)
FN:21,(anonymous_1)
FN:46,(anonymous_2)
FNF:3
FNH:3
FNDA:34,(anonymous_0)
FNDA:28,(anonymous_1)
FNDA:7,(anonymous_2)
DA:6,4
DA:7,4
DA:8,4
DA:13,4
DA:14,34
DA:15,34
DA:17,34
DA:18,6
DA:21,28
DA:22,28
DA:23,5
DA:27,23
DA:29,23
DA:30,9
DA:33,14
DA:39,14
DA:46,4
DA:47,7
DA:54,4
LF:19
LH:19
BRDA:15,0,0,34
BRDA:15,0,1,29
BRDA:17,1,0,6
BRDA:17,1,1,28
BRDA:22,2,0,5
BRDA:22,2,1,23
BRDA:29,3,0,9
BRDA:29,3,1,14
BRF:8
BRH:8
end_of_record
TN:
SF:middleware\errorHandler.js
FN:10,(anonymous_0)
FN:24,(anonymous_1)
FNF:2
FNH:2
FNDA:5,(anonymous_0)
FNDA:1,(anonymous_1)
DA:5,4
DA:10,4
DA:11,5
DA:13,5
DA:14,5
DA:18,5
DA:24,4
DA:25,1
DA:28,4
LF:9
LH:9
BRDA:13,0,0,5
BRDA:13,0,1,4
BRDA:13,0,2,3
BRDA:14,1,0,1
BRDA:14,1,1,4
BRF:5
BRH:5
end_of_record
TN:
SF:routes\assessment.js
FN:27,(anonymous_0)
FN:68,(anonymous_1)
FN:83,(anonymous_2)
FN:115,(anonymous_3)
FN:155,(anonymous_4)
FN:170,(anonymous_5)
FNF:6
FNH:1
FNDA:1,(anonymous_0)
FNDA:0,(anonymous_1)
FNDA:0,(anonymous_2)
FNDA:0,(anonymous_3)
FNDA:0,(anonymous_4)
FNDA:0,(anonymous_5)
DA:6,3
DA:7,3
DA:8,3
DA:9,3
DA:10,3
DA:11,3
DA:12,3
DA:13,3
DA:14,3
DA:15,3
DA:16,3
DA:18,3
DA:21,3
DA:28,1
DA:29,1
DA:30,1
DA:32,1
DA:33,1
DA:34,1
DA:37,1
DA:38,0
DA:42,1
DA:45,1
DA:53,1
DA:54,0
DA:57,1
DA:62,0
DA:63,0
DA:68,3
DA:69,0
DA:70,0
DA:71,0
DA:77,0
DA:78,0
DA:83,3
DA:84,0
DA:85,0
DA:87,0
DA:88,0
DA:91,0
DA:92,0
DA:95,0
DA:98,0
DA:99,0
DA:104,3
DA:116,0
DA:117,0
DA:118,0
DA:120,0
DA:123,0
DA:124,0
DA:125,0
DA:128,0
DA:129,0
DA:133,0
DA:140,0
DA:141,0
DA:144,0
DA:149,0
DA:150,0
DA:155,3
DA:156,0
DA:157,0
DA:158,0
DA:164,0
DA:165,0
DA:170,3
DA:171,0
DA:172,0
DA:174,0
DA:175,0
DA:178,0
DA:179,0
DA:182,0
DA:184,0
DA:190,0
DA:191,0
DA:195,3
LF:78
LH:30
BRDA:30,0,0,0
BRDA:30,0,1,1
BRDA:37,1,0,0
BRDA:37,1,1,1
BRDA:53,2,0,0
BRDA:53,2,1,1
BRDA:87,3,0,0
BRDA:87,3,1,0
BRDA:91,4,0,0
BRDA:91,4,1,0
BRDA:118,5,0,0
BRDA:118,5,1,0
BRDA:124,6,0,0
BRDA:124,6,1,0
BRDA:128,7,0,0
BRDA:128,7,1,0
BRDA:140,8,0,0
BRDA:140,8,1,0
BRDA:174,9,0,0
BRDA:174,9,1,0
BRDA:178,10,0,0
BRDA:178,10,1,0
BRF:22
BRH:3
end_of_record
TN:
SF:routes\auth.js
FN:48,(anonymous_0)
FN:74,(anonymous_1)
FN:99,(anonymous_2)
FN:127,(anonymous_3)
FN:154,(anonymous_4)
FNF:5
FNH:3
FNDA:5,(anonymous_0)
FNDA:10,(anonymous_1)
FNDA:0,(anonymous_2)
FNDA:0,(anonymous_3)
FNDA:1,(anonymous_4)
DA:6,3
DA:7,3
DA:8,3
DA:9,3
DA:10,3
DA:11,3
DA:12,3
DA:14,3
DA:17,3
DA:37,3
DA:48,3
DA:49,5
DA:50,5
DA:51,5
DA:53,3
DA:54,3
DA:56,3
DA:57,1
DA:58,1
DA:61,2
DA:62,2
DA:68,0
DA:69,0
DA:74,3
DA:75,10
DA:76,10
DA:77,10
DA:79,9
DA:80,9
DA:82,9
DA:83,6
DA:86,3
DA:87,3
DA:93,0
DA:94,0
DA:99,3
DA:100,0
DA:101,0
DA:102,0
DA:103,0
DA:106,0
DA:111,0
DA:112,0
DA:117,3
DA:128,0
DA:129,0
DA:130,0
DA:132,0
DA:133,0
DA:134,0
DA:135,0
DA:137,0
DA:138,0
DA:139,0
DA:142,0
DA:143,0
DA:148,0
DA:149,0
DA:154,3
DA:155,1
DA:156,1
DA:158,1
DA:159,0
DA:162,1
DA:165,0
DA:166,0
DA:170,3
LF:67
LH:39
BRDA:51,0,0,2
BRDA:51,0,1,3
BRDA:56,1,0,1
BRDA:56,1,1,2
BRDA:57,2,0,1
BRDA:57,2,1,0
BRDA:77,3,0,1
BRDA:77,3,1,9
BRDA:82,4,0,6
BRDA:82,4,1,3
BRDA:102,5,0,0
BRDA:102,5,1,0
BRDA:130,6,0,0
BRDA:130,6,1,0
BRDA:134,7,0,0
BRDA:134,7,1,0
BRDA:135,8,0,0
BRDA:135,8,1,0
BRDA:138,9,0,0
BRDA:138,9,1,0
BRDA:158,10,0,0
BRDA:158,10,1,1
BRF:22
BRH:10
end_of_record
TN:
SF:routes\upload.js
FN:20,(anonymous_0)
FN:25,(anonymous_1)
FN:32,(anonymous_2)
FN:33,(anonymous_3)
FN:58,(anonymous_4)
FN:71,(anonymous_5)
FN:89,(anonymous_6)
FN:95,(anonymous_7)
FN:107,(anonymous_8)
FN:131,(anonymous_9)
FN:152,(anonymous_10)
FNF:11
FNH:11
FNDA:5,(anonymous_0)
FNDA:5,(anonymous_1)
FNDA:6,(anonymous_2)
FNDA:15,(anonymous_3)
FNDA:5,(anonymous_4)
FNDA:4,(anonymous_5)
FNDA:2,(anonymous_6)
FNDA:2,(anonymous_7)
FNDA:2,(anonymous_8)
FNDA:2,(anonymous_9)
FNDA:1,(anonymous_10)
DA:6,3
DA:7,3
DA:8,3
DA:9,3
DA:10,3
DA:11,3
DA:12,3
DA:13,3
DA:14,3
DA:16,3
DA:19,3
DA:21,5
DA:22,5
DA:23,5
DA:26,5
DA:27,5
DA:32,3
DA:33,6
DA:34,15
DA:36,6
DA:38,6
DA:39,5
DA:41,1
DA:46,3
DA:58,5
DA:71,3
DA:72,4
DA:73,4
DA:74,1
DA:77,3
DA:78,3
DA:83,0
DA:84,0
DA:89,3
DA:90,2
DA:91,2
DA:92,1
DA:95,2
DA:96,1
DA:101,0
DA:102,0
DA:107,3
DA:108,2
DA:109,2
DA:110,2
DA:112,2
DA:113,1
DA:116,1
DA:117,1
DA:125,0
DA:126,0
DA:131,3
DA:132,2
DA:133,2
DA:134,2
DA:136,2
DA:137,1
DA:140,1
DA:141,1
DA:146,0
DA:147,0
DA:152,3
DA:153,1
DA:154,0
DA:160,0
DA:161,0
DA:164,1
DA:165,1
DA:168,0
DA:171,3
LF:70
LH:58
BRDA:38,0,0,5
BRDA:38,0,1,1
BRDA:38,1,0,6
BRDA:38,1,1,5
BRDA:49,2,0,3
BRDA:49,2,1,0
BRDA:73,3,0,1
BRDA:73,3,1,3
BRDA:91,4,0,1
BRDA:91,4,1,1
BRDA:91,5,0,2
BRDA:91,5,1,1
BRDA:112,6,0,1
BRDA:112,6,1,1
BRDA:136,7,0,1
BRDA:136,7,1,1
BRDA:153,8,0,0
BRDA:153,8,1,1
BRDA:160,9,0,0
BRDA:160,9,1,0
BRDA:164,10,0,1
BRDA:164,10,1,0
BRDA:164,11,0,1
BRDA:164,11,1,1
BRF:24
BRH:19
end_of_record
TN:
SF:routes\uuid.js
FN:6,generateUUID
FN:7,(anonymous_1)
FNF:2
FNH:0
FNDA:0,generateUUID
FNDA:0,(anonymous_1)
DA:2,0
DA:7,0
DA:8,0
DA:9,0
DA:10,0
DA:14,0
LF:6
LH:0
BRDA:9,0,0,0
BRDA:9,0,1,0
BRF:2
BRH:0
end_of_record
TN:
SF:services\AssessmentService.js
FN:13,(anonymous_0)
FN:20,(anonymous_1)
FN:41,(anonymous_2)
FN:44,(anonymous_3)
FN:45,(anonymous_4)
FN:51,(anonymous_5)
FN:58,(anonymous_6)
FNF:7
FNH:5
FNDA:4,(anonymous_0)
FNDA:7,(anonymous_1)
FNDA:3,(anonymous_2)
FNDA:0,(anonymous_3)
FNDA:0,(anonymous_4)
FNDA:1,(anonymous_5)
FNDA:3,(anonymous_6)
DA:7,4
DA:8,4
DA:9,4
DA:10,4
DA:14,4
DA:21,7
DA:34,7
DA:35,7
DA:42,3
DA:43,3
DA:44,0
DA:45,0
DA:52,1
DA:59,3
DA:63,4
LF:15
LH:13
BRDA:26,0,0,7
BRDA:26,0,1,1
BRDA:27,1,0,7
BRDA:27,1,1,5
BRDA:35,2,0,5
BRDA:35,2,1,2
BRDA:59,3,0,3
BRDA:59,3,1,2
BRF:8
BRH:8
end_of_record
TN:
SF:services\ClaimService.js
FN:13,(anonymous_0)
FN:20,(anonymous_1)
FN:27,(anonymous_2)
FN:51,(anonymous_3)
FN:54,(anonymous_4)
FN:55,(anonymous_5)
FN:61,(anonymous_6)
FN:68,(anonymous_7)
FNF:8
FNH:5
FNDA:4,(anonymous_0)
FNDA:5,(anonymous_1)
FNDA:2,(anonymous_2)
FNDA:2,(anonymous_3)
FNDA:0,(anonymous_4)
FNDA:0,(anonymous_5)
FNDA:0,(anonymous_6)
FNDA:2,(anonymous_7)
DA:7,4
DA:8,4
DA:9,4
DA:10,4
DA:14,4
DA:21,5
DA:28,2
DA:44,2
DA:45,2
DA:52,2
DA:53,2
DA:54,0
DA:55,0
DA:62,0
DA:69,2
DA:73,4
LF:16
LH:13
BRDA:36,0,0,2
BRDA:36,0,1,1
BRDA:45,1,0,0
BRDA:45,1,1,2
BRDA:69,2,0,2
BRDA:69,2,1,1
BRF:6
BRH:5
end_of_record
TN:
SF:services\UserService.js
FN:13,(anonymous_0)
FN:20,(anonymous_1)
FN:48,(anonymous_2)
FN:65,(anonymous_3)
FN:72,(anonymous_4)
FN:83,(anonymous_5)
FNF:6
FNH:6
FNDA:5,(anonymous_0)
FNDA:8,(anonymous_1)
FNDA:12,(anonymous_2)
FNDA:21,(anonymous_3)
FNDA:2,(anonymous_4)
FNDA:2,(anonymous_5)
DA:7,5
DA:8,5
DA:9,5
DA:10,5
DA:14,5
DA:22,8
DA:23,8
DA:24,1
DA:28,7
DA:31,7
DA:41,7
DA:42,7
DA:49,12
DA:50,12
DA:51,8
DA:54,4
DA:55,4
DA:56,1
DA:59,3
DA:66,21
DA:73,2
DA:77,2
DA:84,2
DA:88,5
LF:24
LH:24
BRDA:23,0,0,1
BRDA:23,0,1,7
BRDA:36,1,0,7
BRDA:36,1,1,6
BRDA:42,2,0,4
BRDA:42,2,1,3
BRDA:50,3,0,8
BRDA:50,3,1,4
BRDA:55,4,0,1
BRDA:55,4,1,3
BRF:10
BRH:10
end_of_record
TN:
SF:services\aiService.js
FN:12,(anonymous_0)
FN:22,(anonymous_1)
FN:47,(anonymous_2)
FN:69,(anonymous_3)
FNF:4
FNH:4
FNDA:4,(anonymous_0)
FNDA:6,(anonymous_1)
FNDA:8,(anonymous_2)
FNDA:8,(anonymous_3)
DA:6,4
DA:7,4
DA:8,4
DA:9,4
DA:13,4
DA:14,4
DA:15,4
DA:16,4
DA:23,6
DA:25,6
DA:26,1
DA:27,1
DA:28,0
DA:30,1
DA:35,6
DA:36,5
DA:39,6
DA:40,6
DA:48,8
DA:49,1
DA:53,2
DA:56,2
DA:58,2
DA:70,8
DA:82,4
LF:25
LH:24
BRDA:25,0,0,1
BRDA:25,0,1,5
BRDA:48,1,0,1
BRDA:48,1,1,2
BRDA:49,2,0,1
BRDA:49,2,1,0
BRDA:62,3,0,2
BRDA:62,3,1,1
BRF:8
BRH:7
end_of_record
TN:
SF:services\ai\AnalysisNormalizer.js
FN:10,(anonymous_0)
FN:17,(anonymous_1)
FN:45,(anonymous_2)
FN:47,(anonymous_3)
FN:50,(anonymous_4)
FN:61,(anonymous_5)
FN:78,(anonymous_6)
FN:95,(anonymous_7)
FN:96,(anonymous_8)
FN:111,(anonymous_9)
FN:130,(anonymous_10)
FN:135,(anonymous_11)
FN:136,(anonymous_12)
FN:152,(anonymous_13)
FN:166,(anonymous_14)
FN:175,(anonymous_15)
FN:182,(anonymous_16)
FNF:17
FNH:16
FNDA:16,(anonymous_0)
FNDA:13,(anonymous_1)
FNDA:42,(anonymous_2)
FNDA:9,(anonymous_3)
FNDA:7,(anonymous_4)
FNDA:18,(anonymous_5)
FNDA:13,(anonymous_6)
FNDA:1,(anonymous_7)
FNDA:3,(anonymous_8)
FNDA:0,(anonymous_9)
FNDA:13,(anonymous_10)
FNDA:7,(anonymous_11)
FNDA:7,(anonymous_12)
FNDA:13,(anonymous_13)
FNDA:13,(anonymous_14)
FNDA:13,(anonymous_15)
FNDA:1,(anonymous_16)
DA:6,5
DA:7,5
DA:11,16
DA:18,13
DA:29,13
DA:30,13
DA:31,3
DA:35,13
DA:36,1
DA:39,12
DA:46,42
DA:47,9
DA:49,38
DA:50,7
DA:52,35
DA:53,35
DA:55,0
DA:62,18
DA:63,17
DA:71,17
DA:72,17
DA:79,13
DA:80,3
DA:83,3
DA:84,1
DA:88,2
DA:89,2
DA:96,3
DA:99,1
DA:100,1
DA:104,0
DA:105,0
DA:112,0
DA:113,0
DA:115,0
DA:116,0
DA:118,0
DA:119,0
DA:121,0
DA:122,0
DA:124,0
DA:131,13
DA:132,10
DA:135,7
DA:136,7
DA:138,3
DA:139,3
DA:142,0
DA:143,0
DA:146,0
DA:153,13
DA:154,13
DA:155,1
DA:157,12
DA:158,0
DA:160,12
DA:167,13
DA:168,13
DA:169,10
DA:176,13
DA:183,1
DA:196,5
LF:62
LH:46
BRDA:30,0,0,3
BRDA:30,0,1,10
BRDA:35,1,0,1
BRDA:35,1,1,12
BRDA:46,2,0,4
BRDA:46,2,1,38
BRDA:49,3,0,3
BRDA:49,3,1,35
BRDA:52,4,0,35
BRDA:52,4,1,0
BRDA:62,5,0,1
BRDA:62,5,1,17
BRDA:72,6,0,17
BRDA:72,6,1,2
BRDA:79,7,0,10
BRDA:79,7,1,3
BRDA:83,8,0,1
BRDA:83,8,1,2
BRDA:89,9,0,2
BRDA:89,9,1,0
BRDA:99,10,0,1
BRDA:99,10,1,0
BRDA:99,11,0,1
BRDA:99,11,1,1
BRDA:112,12,0,0
BRDA:112,12,1,0
BRDA:112,13,0,0
BRDA:112,13,1,0
BRDA:115,14,0,0
BRDA:115,14,1,0
BRDA:115,15,0,0
BRDA:115,15,1,0
BRDA:118,16,0,0
BRDA:118,16,1,0
BRDA:118,17,0,0
BRDA:118,17,1,0
BRDA:121,18,0,0
BRDA:121,18,1,0
BRDA:121,19,0,0
BRDA:121,19,1,0
BRDA:131,20,0,10
BRDA:131,20,1,3
BRDA:131,21,0,13
BRDA:131,21,1,3
BRDA:138,22,0,3
BRDA:138,22,1,0
BRDA:142,23,0,0
BRDA:142,23,1,0
BRDA:154,24,0,1
BRDA:154,24,1,12
BRDA:157,25,0,0
BRDA:157,25,1,12
BRDA:157,26,0,12
BRDA:157,26,1,0
BRDA:167,27,0,9
BRDA:167,27,1,4
BRDA:168,28,0,3
BRDA:168,28,1,10
BRDA:176,29,0,13
BRDA:176,29,1,9
BRDA:176,29,2,4
BRDA:187,30,0,0
BRDA:187,30,1,1
BRDA:190,31,0,1
BRDA:190,31,1,0
BRDA:191,32,0,1
BRDA:191,32,1,1
BRF:67
BRH:41
end_of_record
TN:
SF:services\ai\AnalysisValidator.js
FN:12,(anonymous_0)
FN:21,(anonymous_1)
FN:23,(anonymous_2)
FN:31,(anonymous_3)
FN:38,(anonymous_4)
FNF:5
FNH:5
FNDA:19,(anonymous_0)
FNDA:23,(anonymous_1)
FNDA:65,(anonymous_2)
FNDA:25,(anonymous_3)
FNDA:31,(anonymous_4)
DA:6,6
DA:13,19
DA:22,23
DA:23,23
DA:24,65
DA:32,25
DA:39,31
DA:45,6
LF:8
LH:8
BRDA:13,0,0,19
BRDA:13,0,1,18
BRDA:13,0,2,16
BRDA:39,1,0,31
BRDA:39,1,1,28
BRDA:39,1,2,26
BRF:6
BRH:6
end_of_record
TN:
SF:services\ai\JsonExtractor.js
FN:10,(anonymous_0)
FN:30,(anonymous_1)
FN:47,(anonymous_2)
FNF:3
FNH:3
FNDA:9,(anonymous_0)
FNDA:7,(anonymous_1)
FNDA:5,(anonymous_2)
DA:11,9
DA:13,7
DA:16,7
DA:17,7
DA:20,5
DA:21,5
DA:24,3
DA:31,7
DA:32,7
DA:33,7
DA:34,3
DA:35,3
DA:36,3
DA:38,1
DA:41,4
DA:48,5
DA:49,5
DA:50,5
DA:51,4
DA:52,4
DA:54,2
DA:57,1
DA:61,5
LF:23
LH:23
BRDA:11,0,0,2
BRDA:11,0,1,7
BRDA:17,1,0,2
BRDA:17,1,1,5
BRDA:21,2,0,2
BRDA:21,2,1,3
BRDA:33,3,0,3
BRDA:33,3,1,4
BRDA:33,4,0,7
BRDA:33,4,1,3
BRDA:50,5,0,4
BRDA:50,5,1,1
BRF:12
BRH:12
end_of_record
TN:
SF:services\ai\providers\AIProvider.js
FN:12,(anonymous_0)
FN:20,(anonymous_1)
FNF:2
FNH:0
FNDA:0,(anonymous_0)
FNDA:0,(anonymous_1)
DA:13,0
DA:21,0
DA:25,6
LF:3
LH:1
BRF:0
BRH:0
end_of_record
TN:
SF:services\ai\providers\BasicProvider.js
FN:14,(anonymous_0)
FN:21,(anonymous_1)
FN:34,(anonymous_2)
FN:48,(anonymous_3)
FNF:4
FNH:1
FNDA:0,(anonymous_0)
FNDA:0,(anonymous_1)
FNDA:0,(anonymous_2)
FNDA:1,(anonymous_3)
DA:6,4
DA:7,4
DA:8,4
DA:15,0
DA:22,0
DA:23,0
DA:25,0
DA:26,0
DA:28,0
DA:35,0
DA:42,0
DA:49,1
DA:50,1
DA:51,0
DA:53,0
DA:54,0
DA:56,0
DA:71,1
DA:72,1
DA:77,4
LF:20
LH:8
BRDA:22,0,0,0
BRDA:22,0,1,0
BRDA:25,1,0,0
BRDA:25,1,1,0
BRDA:42,2,0,0
BRDA:42,2,1,0
BRF:6
BRH:0
end_of_record
TN:
SF:services\ai\providers\OpenAIProvider.js
FN:13,(anonymous_0)
FN:21,(anonymous_1)
FN:28,(anonymous_2)
FN:35,(anonymous_3)
FN:43,(anonymous_4)
FN:79,(anonymous_5)
FN:120,(anonymous_6)
FNF:7
FNH:7
FNDA:25,(anonymous_0)
FNDA:10,(anonymous_1)
FNDA:2,(anonymous_2)
FNDA:8,(anonymous_3)
FNDA:8,(anonymous_4)
FNDA:7,(anonymous_5)
FNDA:6,(anonymous_6)
DA:6,5
DA:7,5
DA:8,5
DA:9,5
DA:10,5
DA:14,25
DA:15,25
DA:22,10
DA:29,2
DA:36,8
DA:37,8
DA:44,8
DA:80,7
DA:81,7
DA:83,7
DA:114,3
DA:121,6
DA:122,1
DA:125,5
DA:126,5
DA:127,1
DA:133,4
DA:134,4
DA:135,4
DA:136,4
DA:141,5
LF:26
LH:26
BRDA:15,0,0,25
BRDA:15,0,1,4
BRDA:114,1,0,3
BRDA:114,1,1,1
BRDA:121,2,0,1
BRDA:121,2,1,5
BRDA:134,3,0,4
BRDA:134,3,1,2
BRF:8
BRH:8
end_of_record
TN:
SF:utils\claimHelper.js
FN:11,calculateEstimatedCost
FN:37,calculatePriority
FNF:2
FNH:2
FNDA:11,calculateEstimatedCost
FNDA:12,calculatePriority
DA:6,5
DA:12,11
DA:13,2
DA:16,9
DA:17,9
DA:18,1
DA:22,8
DA:23,8
DA:31,8
DA:38,12
DA:39,2
DA:42,10
DA:43,10
DA:44,2
DA:47,8
DA:48,8
DA:56,8
DA:59,5
LF:18
LH:18
BRDA:12,0,0,2
BRDA:12,0,1,9
BRDA:12,1,0,11
BRDA:12,1,1,10
BRDA:17,2,0,1
BRDA:17,2,1,8
BRDA:31,3,0,8
BRDA:31,3,1,1
BRDA:38,4,0,2
BRDA:38,4,1,10
BRDA:38,5,0,12
BRDA:38,5,1,11
BRDA:43,6,0,2
BRDA:43,6,1,8
BRDA:43,7,0,10
BRDA:43,7,1,3
BRDA:56,8,0,8
BRDA:56,8,1,1
BRF:18
BRH:18
end_of_record
TN:
SF:utils\fileHelper.js
FN:12,(anonymous_0)
FN:20,(anonymous_1)
FN:27,(anonymous_2)
FN:34,(anonymous_3)
FN:41,(anonymous_4)
FNF:5
FNH:5
FNDA:16,(anonymous_0)
FNDA:17,(anonymous_1)
FNDA:8,(anonymous_2)
FNDA:12,(anonymous_3)
FNDA:5,(anonymous_4)
DA:5,7
DA:6,7
DA:7,7
DA:12,7
DA:13,16
DA:14,16
DA:20,7
DA:21,17
DA:27,7
DA:28,8
DA:34,7
DA:35,12
DA:41,7
DA:42,5
DA:43,0
DA:47,7
LF:16
LH:15
BRDA:14,0,0,16
BRDA:14,0,1,1
BRDA:42,1,0,0
BRDA:42,1,1,5
BRF:4
BRH:3
end_of_record
TN:
SF:utils\fileStorage.js
FN:17,(anonymous_0)
FN:22,(anonymous_1)
FN:28,(anonymous_2)
FN:38,(anonymous_3)
FN:48,(anonymous_4)
FN:54,(anonymous_5)
FN:56,(anonymous_6)
FN:66,(anonymous_7)
FN:68,(anonymous_8)
FN:71,(anonymous_9)
FN:73,(anonymous_10)
FN:76,(anonymous_11)
FN:78,(anonymous_12)
FNF:13
FNH:13
FNDA:26,(anonymous_0)
FNDA:26,(anonymous_1)
FNDA:72,(anonymous_2)
FNDA:24,(anonymous_3)
FNDA:19,(anonymous_4)
FNDA:2,(anonymous_5)
FNDA:1,(anonymous_6)
FNDA:25,(anonymous_7)
FNDA:17,(anonymous_8)
FNDA:16,(anonymous_9)
FNDA:16,(anonymous_10)
FNDA:3,(anonymous_11)
FNDA:3,(anonymous_12)
DA:1,8
DA:2,8
DA:5,8
DA:6,8
DA:7,0
DA:11,8
DA:12,8
DA:13,0
DA:18,26
DA:19,26
DA:23,26
DA:24,16
DA:29,72
DA:30,72
DA:31,71
DA:33,1
DA:34,1
DA:39,24
DA:40,24
DA:41,23
DA:43,1
DA:44,1
DA:49,19
DA:50,19
DA:51,19
DA:55,2
DA:56,2
DA:58,2
DA:59,1
DA:60,1
DA:63,1
DA:67,25
DA:68,25
DA:72,16
DA:73,16
DA:77,3
DA:78,3
DA:80,3
DA:81,2
DA:84,1
DA:88,8
LF:41
LH:39
BRDA:6,0,0,0
BRDA:6,0,1,8
BRDA:12,1,0,0
BRDA:12,1,1,8
BRDA:23,2,0,16
BRDA:23,2,1,10
BRDA:58,3,0,1
BRDA:58,3,1,1
BRDA:80,4,0,2
BRDA:80,4,1,1
BRF:10
BRH:8
end_of_record
TN:
SF:utils\responseHelper.js
FN:8,(anonymous_0)
FN:23,(anonymous_1)
FN:34,(anonymous_2)
FNF:3
FNH:3
FNDA:18,(anonymous_0)
FNDA:20,(anonymous_1)
FNDA:9,(anonymous_2)
DA:8,5
DA:9,18
DA:10,18
DA:11,15
DA:12,2
DA:14,13
DA:17,18
DA:23,5
DA:24,20
DA:25,20
DA:26,1
DA:28,20
DA:34,5
DA:35,9
DA:36,7
DA:37,7
DA:40,5
LF:17
LH:17
BRDA:8,0,0,2
BRDA:10,1,0,15
BRDA:10,1,1,3
BRDA:11,2,0,2
BRDA:11,2,1,13
BRDA:12,3,0,1
BRDA:12,3,1,1
BRDA:23,4,0,19
BRDA:25,5,0,1
BRDA:25,5,1,19
BRDA:35,6,0,2
BRDA:35,6,1,7
BRF:12
BRH:12
end_of_record
TN:
SF:utils\validationHelper.js
FN:10,(anonymous_0)
FNF:1
FNH:1
FNDA:18,(anonymous_0)
DA:5,4
DA:10,4
DA:11,18
DA:12,18
DA:13,4
DA:18,14
DA:21,4
LF:7
LH:7
BRDA:12,0,0,4
BRDA:12,0,1,14
BRF:2
BRH:2
end_of_record
